[0.349s] Invoking command in '/home/zheka/Smart Mobility Engineering Lab/ros2_ws/src/py_pubsub': PYTHONPATH=/home/zheka/Smart Mobility Engineering Lab/ros2_ws/build/py_pubsub/prefix_override:/home/zheka/Smart Mobility Engineering Lab/ros2_ws/install/py_pubsub/lib/python3.10/site-packages:${PYTHONPATH} /usr/bin/python3 setup.py egg_info --egg-base ../../build/py_pubsub build --build-base /home/zheka/Smart Mobility Engineering Lab/ros2_ws/build/py_pubsub/build install --record /home/zheka/Smart Mobility Engineering Lab/ros2_ws/build/py_pubsub/install.log --single-version-externally-managed
[0.457s] running egg_info
[0.457s] creating ../../build/py_pubsub/py_pubsub.egg-info
[0.457s] writing ../../build/py_pubsub/py_pubsub.egg-info/PKG-INFO
[0.457s] writing dependency_links to ../../build/py_pubsub/py_pubsub.egg-info/dependency_links.txt
[0.457s] writing entry points to ../../build/py_pubsub/py_pubsub.egg-info/entry_points.txt
[0.457s] writing requirements to ../../build/py_pubsub/py_pubsub.egg-info/requires.txt
[0.457s] writing top-level names to ../../build/py_pubsub/py_pubsub.egg-info/top_level.txt
[0.457s] writing manifest file '../../build/py_pubsub/py_pubsub.egg-info/SOURCES.txt'
[0.458s] reading manifest file '../../build/py_pubsub/py_pubsub.egg-info/SOURCES.txt'
[0.459s] writing manifest file '../../build/py_pubsub/py_pubsub.egg-info/SOURCES.txt'
[0.459s] running build
[0.459s] running build_py
[0.459s] creating /home/zheka/Smart Mobility Engineering Lab/ros2_ws/build/py_pubsub/build
[0.459s] creating /home/zheka/Smart Mobility Engineering Lab/ros2_ws/build/py_pubsub/build/lib
[0.459s] creating /home/zheka/Smart Mobility Engineering Lab/ros2_ws/build/py_pubsub/build/lib/py_pubsub
[0.459s] copying py_pubsub/publisher_member_function.py -> /home/zheka/Smart Mobility Engineering Lab/ros2_ws/build/py_pubsub/build/lib/py_pubsub
[0.459s] copying py_pubsub/__init__.py -> /home/zheka/Smart Mobility Engineering Lab/ros2_ws/build/py_pubsub/build/lib/py_pubsub
[0.459s] copying py_pubsub/subscriber_member_function.py -> /home/zheka/Smart Mobility Engineering Lab/ros2_ws/build/py_pubsub/build/lib/py_pubsub
[0.459s] running install
[0.460s] /usr/lib/python3/dist-packages/setuptools/command/install.py:34: SetuptoolsDeprecationWarning: setup.py install is deprecated. Use build and pip and other standards-based tools.
[0.460s]   warnings.warn(
[0.460s] running install_lib
[0.460s] creating /home/zheka/Smart Mobility Engineering Lab/ros2_ws/install/py_pubsub/lib/python3.10/site-packages/py_pubsub
[0.460s] copying /home/zheka/Smart Mobility Engineering Lab/ros2_ws/build/py_pubsub/build/lib/py_pubsub/publisher_member_function.py -> /home/zheka/Smart Mobility Engineering Lab/ros2_ws/install/py_pubsub/lib/python3.10/site-packages/py_pubsub
[0.461s] copying /home/zheka/Smart Mobility Engineering Lab/ros2_ws/build/py_pubsub/build/lib/py_pubsub/__init__.py -> /home/zheka/Smart Mobility Engineering Lab/ros2_ws/install/py_pubsub/lib/python3.10/site-packages/py_pubsub
[0.461s] copying /home/zheka/Smart Mobility Engineering Lab/ros2_ws/build/py_pubsub/build/lib/py_pubsub/subscriber_member_function.py -> /home/zheka/Smart Mobility Engineering Lab/ros2_ws/install/py_pubsub/lib/python3.10/site-packages/py_pubsub
[0.461s] byte-compiling /home/zheka/Smart Mobility Engineering Lab/ros2_ws/install/py_pubsub/lib/python3.10/site-packages/py_pubsub/publisher_member_function.py to publisher_member_function.cpython-310.pyc
[0.461s] byte-compiling /home/zheka/Smart Mobility Engineering Lab/ros2_ws/install/py_pubsub/lib/python3.10/site-packages/py_pubsub/__init__.py to __init__.cpython-310.pyc
[0.461s] byte-compiling /home/zheka/Smart Mobility Engineering Lab/ros2_ws/install/py_pubsub/lib/python3.10/site-packages/py_pubsub/subscriber_member_function.py to subscriber_member_function.cpython-310.pyc
[0.461s] running install_data
[0.462s] creating /home/zheka/Smart Mobility Engineering Lab/ros2_ws/install/py_pubsub/share/ament_index
[0.462s] creating /home/zheka/Smart Mobility Engineering Lab/ros2_ws/install/py_pubsub/share/ament_index/resource_index
[0.462s] creating /home/zheka/Smart Mobility Engineering Lab/ros2_ws/install/py_pubsub/share/ament_index/resource_index/packages
[0.462s] copying resource/py_pubsub -> /home/zheka/Smart Mobility Engineering Lab/ros2_ws/install/py_pubsub/share/ament_index/resource_index/packages
[0.462s] copying package.xml -> /home/zheka/Smart Mobility Engineering Lab/ros2_ws/install/py_pubsub/share/py_pubsub
[0.462s] running install_egg_info
[0.463s] Copying ../../build/py_pubsub/py_pubsub.egg-info to /home/zheka/Smart Mobility Engineering Lab/ros2_ws/install/py_pubsub/lib/python3.10/site-packages/py_pubsub-0.0.0-py3.10.egg-info
[0.463s] running install_scripts
[0.474s] Installing listener script to /home/zheka/Smart Mobility Engineering Lab/ros2_ws/install/py_pubsub/lib/py_pubsub
[0.474s] Installing talker script to /home/zheka/Smart Mobility Engineering Lab/ros2_ws/install/py_pubsub/lib/py_pubsub
[0.474s] writing list of installed files to '/home/zheka/Smart Mobility Engineering Lab/ros2_ws/build/py_pubsub/install.log'
[0.486s] Invoked command in '/home/zheka/Smart Mobility Engineering Lab/ros2_ws/src/py_pubsub' returned '0': PYTHONPATH=/home/zheka/Smart Mobility Engineering Lab/ros2_ws/build/py_pubsub/prefix_override:/home/zheka/Smart Mobility Engineering Lab/ros2_ws/install/py_pubsub/lib/python3.10/site-packages:${PYTHONPATH} /usr/bin/python3 setup.py egg_info --egg-base ../../build/py_pubsub build --build-base /home/zheka/Smart Mobility Engineering Lab/ros2_ws/build/py_pubsub/build install --record /home/zheka/Smart Mobility Engineering Lab/ros2_ws/build/py_pubsub/install.log --single-version-externally-managed
