[0.435s] DEBUG:colcon:Command line arguments: ['/usr/bin/colcon', 'build']
[0.435s] DEBUG:colcon:Parsed command line arguments: Namespace(log_base=None, log_level=None, verb_name='build', build_base='build', install_base='install', merge_install=False, symlink_install=False, test_result_base=None, continue_on_error=False, executor='parallel', parallel_workers=2, event_handlers=None, ignore_user_meta=False, metas=['./colcon.meta'], base_paths=['.'], packages_ignore=None, packages_ignore_regex=None, paths=None, packages_up_to=None, packages_up_to_regex=None, packages_above=None, packages_above_and_dependencies=None, packages_above_depth=None, packages_select_by_dep=None, packages_skip_by_dep=None, packages_skip_up_to=None, packages_select_build_failed=False, packages_skip_build_finished=False, packages_select_test_failures=False, packages_skip_test_passed=False, packages_select=None, packages_skip=None, packages_select_regex=None, packages_skip_regex=None, packages_start=None, packages_end=None, allow_overriding=[], cmake_args=None, cmake_target=None, cmake_target_skip_unavailable=False, cmake_clean_cache=False, cmake_clean_first=False, cmake_force_configure=False, ament_cmake_args=None, catkin_cmake_args=None, catkin_skip_building_tests=False, verb_parser=<colcon_defaults.argument_parser.defaults.DefaultArgumentsDecorator object at 0xffffbba78c10>, verb_extension=<colcon_core.verb.build.BuildVerb object at 0xffffbbbd6a40>, main=<bound method BuildVerb.main of <colcon_core.verb.build.BuildVerb object at 0xffffbbbd6a40>>)
[0.468s] Level 1:colcon.colcon_core.package_discovery:discover_packages(colcon_meta) check parameters
[0.468s] Level 1:colcon.colcon_core.package_discovery:discover_packages(recursive) check parameters
[0.468s] Level 1:colcon.colcon_core.package_discovery:discover_packages(ignore) check parameters
[0.468s] Level 1:colcon.colcon_core.package_discovery:discover_packages(path) check parameters
[0.468s] Level 1:colcon.colcon_core.package_discovery:discover_packages(colcon_meta) discover
[0.468s] Level 1:colcon.colcon_core.package_discovery:discover_packages(recursive) discover
[0.468s] INFO:colcon.colcon_core.package_discovery:Crawling recursively for packages in '/home/zheka/Smart Mobility Engineering Lab/ros2_ws'
[0.468s] Level 1:colcon.colcon_core.package_identification:_identify(.) by extensions ['ignore', 'ignore_ament_install']
[0.468s] Level 1:colcon.colcon_core.package_identification:_identify(.) by extension 'ignore'
[0.468s] Level 1:colcon.colcon_core.package_identification:_identify(.) by extension 'ignore_ament_install'
[0.468s] Level 1:colcon.colcon_core.package_identification:_identify(.) by extensions ['colcon_pkg']
[0.468s] Level 1:colcon.colcon_core.package_identification:_identify(.) by extension 'colcon_pkg'
[0.468s] Level 1:colcon.colcon_core.package_identification:_identify(.) by extensions ['colcon_meta']
[0.468s] Level 1:colcon.colcon_core.package_identification:_identify(.) by extension 'colcon_meta'
[0.468s] Level 1:colcon.colcon_core.package_identification:_identify(.) by extensions ['ros']
[0.468s] Level 1:colcon.colcon_core.package_identification:_identify(.) by extension 'ros'
[0.473s] Level 1:colcon.colcon_core.package_identification:_identify(.) by extensions ['cmake', 'python']
[0.474s] Level 1:colcon.colcon_core.package_identification:_identify(.) by extension 'cmake'
[0.474s] Level 1:colcon.colcon_core.package_identification:_identify(.) by extension 'python'
[0.474s] Level 1:colcon.colcon_core.package_identification:_identify(.) by extensions ['python_setup_py']
[0.474s] Level 1:colcon.colcon_core.package_identification:_identify(.) by extension 'python_setup_py'
[0.474s] Level 1:colcon.colcon_core.package_identification:_identify(build) by extensions ['ignore', 'ignore_ament_install']
[0.474s] Level 1:colcon.colcon_core.package_identification:_identify(build) by extension 'ignore'
[0.474s] Level 1:colcon.colcon_core.package_identification:_identify(build) ignored
[0.474s] Level 1:colcon.colcon_core.package_identification:_identify(install) by extensions ['ignore', 'ignore_ament_install']
[0.474s] Level 1:colcon.colcon_core.package_identification:_identify(install) by extension 'ignore'
[0.474s] Level 1:colcon.colcon_core.package_identification:_identify(install) ignored
[0.474s] Level 1:colcon.colcon_core.package_identification:_identify(log) by extensions ['ignore', 'ignore_ament_install']
[0.474s] Level 1:colcon.colcon_core.package_identification:_identify(log) by extension 'ignore'
[0.474s] Level 1:colcon.colcon_core.package_identification:_identify(log) ignored
[0.474s] Level 1:colcon.colcon_core.package_identification:_identify(src) by extensions ['ignore', 'ignore_ament_install']
[0.474s] Level 1:colcon.colcon_core.package_identification:_identify(src) by extension 'ignore'
[0.474s] Level 1:colcon.colcon_core.package_identification:_identify(src) by extension 'ignore_ament_install'
[0.474s] Level 1:colcon.colcon_core.package_identification:_identify(src) by extensions ['colcon_pkg']
[0.474s] Level 1:colcon.colcon_core.package_identification:_identify(src) by extension 'colcon_pkg'
[0.474s] Level 1:colcon.colcon_core.package_identification:_identify(src) by extensions ['colcon_meta']
[0.474s] Level 1:colcon.colcon_core.package_identification:_identify(src) by extension 'colcon_meta'
[0.474s] Level 1:colcon.colcon_core.package_identification:_identify(src) by extensions ['ros']
[0.474s] Level 1:colcon.colcon_core.package_identification:_identify(src) by extension 'ros'
[0.474s] Level 1:colcon.colcon_core.package_identification:_identify(src) by extensions ['cmake', 'python']
[0.474s] Level 1:colcon.colcon_core.package_identification:_identify(src) by extension 'cmake'
[0.474s] Level 1:colcon.colcon_core.package_identification:_identify(src) by extension 'python'
[0.474s] Level 1:colcon.colcon_core.package_identification:_identify(src) by extensions ['python_setup_py']
[0.474s] Level 1:colcon.colcon_core.package_identification:_identify(src) by extension 'python_setup_py'
[0.474s] Level 1:colcon.colcon_core.package_identification:_identify(src/ros_tutorials) by extensions ['ignore', 'ignore_ament_install']
[0.474s] Level 1:colcon.colcon_core.package_identification:_identify(src/ros_tutorials) by extension 'ignore'
[0.474s] Level 1:colcon.colcon_core.package_identification:_identify(src/ros_tutorials) by extension 'ignore_ament_install'
[0.474s] Level 1:colcon.colcon_core.package_identification:_identify(src/ros_tutorials) by extensions ['colcon_pkg']
[0.474s] Level 1:colcon.colcon_core.package_identification:_identify(src/ros_tutorials) by extension 'colcon_pkg'
[0.474s] Level 1:colcon.colcon_core.package_identification:_identify(src/ros_tutorials) by extensions ['colcon_meta']
[0.474s] Level 1:colcon.colcon_core.package_identification:_identify(src/ros_tutorials) by extension 'colcon_meta'
[0.474s] Level 1:colcon.colcon_core.package_identification:_identify(src/ros_tutorials) by extensions ['ros']
[0.474s] Level 1:colcon.colcon_core.package_identification:_identify(src/ros_tutorials) by extension 'ros'
[0.474s] Level 1:colcon.colcon_core.package_identification:_identify(src/ros_tutorials) by extensions ['cmake', 'python']
[0.474s] Level 1:colcon.colcon_core.package_identification:_identify(src/ros_tutorials) by extension 'cmake'
[0.474s] Level 1:colcon.colcon_core.package_identification:_identify(src/ros_tutorials) by extension 'python'
[0.474s] Level 1:colcon.colcon_core.package_identification:_identify(src/ros_tutorials) by extensions ['python_setup_py']
[0.474s] Level 1:colcon.colcon_core.package_identification:_identify(src/ros_tutorials) by extension 'python_setup_py'
[0.474s] Level 1:colcon.colcon_core.package_identification:_identify(src/ros_tutorials/ros_tutorials) by extensions ['ignore', 'ignore_ament_install']
[0.475s] Level 1:colcon.colcon_core.package_identification:_identify(src/ros_tutorials/ros_tutorials) by extension 'ignore'
[0.475s] Level 1:colcon.colcon_core.package_identification:_identify(src/ros_tutorials/ros_tutorials) ignored
[0.475s] Level 1:colcon.colcon_core.package_identification:_identify(src/ros_tutorials/roscpp_tutorials) by extensions ['ignore', 'ignore_ament_install']
[0.475s] Level 1:colcon.colcon_core.package_identification:_identify(src/ros_tutorials/roscpp_tutorials) by extension 'ignore'
[0.475s] Level 1:colcon.colcon_core.package_identification:_identify(src/ros_tutorials/roscpp_tutorials) ignored
[0.475s] Level 1:colcon.colcon_core.package_identification:_identify(src/ros_tutorials/rospy_tutorials) by extensions ['ignore', 'ignore_ament_install']
[0.475s] Level 1:colcon.colcon_core.package_identification:_identify(src/ros_tutorials/rospy_tutorials) by extension 'ignore'
[0.475s] Level 1:colcon.colcon_core.package_identification:_identify(src/ros_tutorials/rospy_tutorials) ignored
[0.475s] Level 1:colcon.colcon_core.package_identification:_identify(src/ros_tutorials/turtlesim) by extensions ['ignore', 'ignore_ament_install']
[0.475s] Level 1:colcon.colcon_core.package_identification:_identify(src/ros_tutorials/turtlesim) by extension 'ignore'
[0.475s] Level 1:colcon.colcon_core.package_identification:_identify(src/ros_tutorials/turtlesim) by extension 'ignore_ament_install'
[0.475s] Level 1:colcon.colcon_core.package_identification:_identify(src/ros_tutorials/turtlesim) by extensions ['colcon_pkg']
[0.475s] Level 1:colcon.colcon_core.package_identification:_identify(src/ros_tutorials/turtlesim) by extension 'colcon_pkg'
[0.475s] Level 1:colcon.colcon_core.package_identification:_identify(src/ros_tutorials/turtlesim) by extensions ['colcon_meta']
[0.475s] Level 1:colcon.colcon_core.package_identification:_identify(src/ros_tutorials/turtlesim) by extension 'colcon_meta'
[0.475s] Level 1:colcon.colcon_core.package_identification:_identify(src/ros_tutorials/turtlesim) by extensions ['ros']
[0.475s] Level 1:colcon.colcon_core.package_identification:_identify(src/ros_tutorials/turtlesim) by extension 'ros'
[0.476s] DEBUG:colcon.colcon_core.package_identification:Package 'src/ros_tutorials/turtlesim' with type 'ros.ament_cmake' and name 'turtlesim'
[0.476s] Level 1:colcon.colcon_core.package_discovery:discover_packages(recursive) using defaults
[0.476s] Level 1:colcon.colcon_core.package_discovery:discover_packages(ignore) discover
[0.476s] Level 1:colcon.colcon_core.package_discovery:discover_packages(ignore) using defaults
[0.476s] Level 1:colcon.colcon_core.package_discovery:discover_packages(path) discover
[0.476s] Level 1:colcon.colcon_core.package_discovery:discover_packages(path) using defaults
[0.520s] Level 1:colcon.colcon_core.package_discovery:discover_packages(prefix_path) check parameters
[0.520s] Level 1:colcon.colcon_core.package_discovery:discover_packages(prefix_path) discover
[0.532s] DEBUG:colcon.colcon_installed_package_information.package_discovery:Found 284 installed packages in /opt/ros/humble
[0.533s] Level 1:colcon.colcon_core.package_discovery:discover_packages(prefix_path) using defaults
[0.596s] WARNING:colcon.colcon_core.package_selection:Some selected packages are already built in one or more underlay workspaces:
	'turtlesim' is in: /opt/ros/humble
If a package in a merged underlay workspace is overridden and it installs headers, then all packages in the overlay must sort their include directories by workspace order. Failure to do so may result in build failures or undefined behavior at run time.
If the overridden package is used by another package in any underlay, then the overriding package in the overlay must be API and ABI compatible or undefined behavior at run time may occur.

If you understand the risks and want to override a package anyways, add the following to the command line:
	--allow-overriding turtlesim

This may be promoted to an error in a future release of colcon-override-check.
[0.602s] Level 5:colcon.colcon_core.verb:set package 'turtlesim' build argument 'cmake_args' from command line to 'None'
[0.602s] Level 5:colcon.colcon_core.verb:set package 'turtlesim' build argument 'cmake_target' from command line to 'None'
[0.602s] Level 5:colcon.colcon_core.verb:set package 'turtlesim' build argument 'cmake_target_skip_unavailable' from command line to 'False'
[0.602s] Level 5:colcon.colcon_core.verb:set package 'turtlesim' build argument 'cmake_clean_cache' from command line to 'False'
[0.602s] Level 5:colcon.colcon_core.verb:set package 'turtlesim' build argument 'cmake_clean_first' from command line to 'False'
[0.602s] Level 5:colcon.colcon_core.verb:set package 'turtlesim' build argument 'cmake_force_configure' from command line to 'False'
[0.602s] Level 5:colcon.colcon_core.verb:set package 'turtlesim' build argument 'ament_cmake_args' from command line to 'None'
[0.602s] Level 5:colcon.colcon_core.verb:set package 'turtlesim' build argument 'catkin_cmake_args' from command line to 'None'
[0.602s] Level 5:colcon.colcon_core.verb:set package 'turtlesim' build argument 'catkin_skip_building_tests' from command line to 'False'
[0.602s] DEBUG:colcon.colcon_core.verb:Building package 'turtlesim' with the following arguments: {'ament_cmake_args': None, 'build_base': '/home/zheka/Smart Mobility Engineering Lab/ros2_ws/build/turtlesim', 'catkin_cmake_args': None, 'catkin_skip_building_tests': False, 'cmake_args': None, 'cmake_clean_cache': False, 'cmake_clean_first': False, 'cmake_force_configure': False, 'cmake_target': None, 'cmake_target_skip_unavailable': False, 'install_base': '/home/zheka/Smart Mobility Engineering Lab/ros2_ws/install/turtlesim', 'merge_install': False, 'path': '/home/zheka/Smart Mobility Engineering Lab/ros2_ws/src/ros_tutorials/turtlesim', 'symlink_install': False, 'test_result_base': None}
[0.608s] INFO:colcon.colcon_core.executor:Executing jobs using 'parallel' executor
[0.614s] DEBUG:colcon.colcon_parallel_executor.executor.parallel:run_until_complete
[0.615s] INFO:colcon.colcon_ros.task.ament_cmake.build:Building ROS package in '/home/zheka/Smart Mobility Engineering Lab/ros2_ws/src/ros_tutorials/turtlesim' with build type 'ament_cmake'
[0.615s] INFO:colcon.colcon_cmake.task.cmake.build:Building CMake package in '/home/zheka/Smart Mobility Engineering Lab/ros2_ws/src/ros_tutorials/turtlesim'
[0.623s] INFO:colcon.colcon_core.plugin_system:Skipping extension 'colcon_core.shell.bat': Not used on non-Windows systems
[0.623s] INFO:colcon.colcon_core.shell:Skip shell extension 'powershell' for command environment: Not usable outside of PowerShell
[0.623s] DEBUG:colcon.colcon_core.shell:Skip shell extension 'dsv' for command environment
[0.639s] DEBUG:colcon.colcon_core.event_handler.log_command:Invoking command in '/home/zheka/Smart Mobility Engineering Lab/ros2_ws/build/turtlesim': CMAKE_PREFIX_PATH=/opt/ros/humble /usr/bin/cmake /home/zheka/Smart Mobility Engineering Lab/ros2_ws/src/ros_tutorials/turtlesim -DCMAKE_INSTALL_PREFIX=/home/zheka/Smart Mobility Engineering Lab/ros2_ws/install/turtlesim
[2.551s] DEBUG:colcon.colcon_core.event_handler.log_command:Invoked command in '/home/zheka/Smart Mobility Engineering Lab/ros2_ws/build/turtlesim' returned '0': CMAKE_PREFIX_PATH=/opt/ros/humble /usr/bin/cmake /home/zheka/Smart Mobility Engineering Lab/ros2_ws/src/ros_tutorials/turtlesim -DCMAKE_INSTALL_PREFIX=/home/zheka/Smart Mobility Engineering Lab/ros2_ws/install/turtlesim
[2.552s] DEBUG:colcon.colcon_core.event_handler.log_command:Invoking command in '/home/zheka/Smart Mobility Engineering Lab/ros2_ws/build/turtlesim': CMAKE_PREFIX_PATH=/opt/ros/humble /usr/bin/cmake --build /home/zheka/Smart Mobility Engineering Lab/ros2_ws/build/turtlesim -- -j2 -l2
[30.691s] DEBUG:colcon.colcon_core.event_handler.log_command:Invoked command in '/home/zheka/Smart Mobility Engineering Lab/ros2_ws/build/turtlesim' returned '0': CMAKE_PREFIX_PATH=/opt/ros/humble /usr/bin/cmake --build /home/zheka/Smart Mobility Engineering Lab/ros2_ws/build/turtlesim -- -j2 -l2
[30.876s] DEBUG:colcon.colcon_core.event_handler.log_command:Invoking command in '/home/zheka/Smart Mobility Engineering Lab/ros2_ws/build/turtlesim': CMAKE_PREFIX_PATH=/opt/ros/humble /usr/bin/cmake --install /home/zheka/Smart Mobility Engineering Lab/ros2_ws/build/turtlesim
[30.956s] Level 1:colcon.colcon_core.environment:create_environment_scripts_only(turtlesim)
[30.956s] DEBUG:colcon.colcon_core.event_handler.log_command:Invoked command in '/home/zheka/Smart Mobility Engineering Lab/ros2_ws/build/turtlesim' returned '0': CMAKE_PREFIX_PATH=/opt/ros/humble /usr/bin/cmake --install /home/zheka/Smart Mobility Engineering Lab/ros2_ws/build/turtlesim
[31.003s] Level 1:colcon.colcon_core.environment:checking '/home/zheka/Smart Mobility Engineering Lab/ros2_ws/install/turtlesim' for CMake module files
[31.004s] Level 1:colcon.colcon_core.environment:checking '/home/zheka/Smart Mobility Engineering Lab/ros2_ws/install/turtlesim' for CMake config files
[31.005s] Level 1:colcon.colcon_core.shell:create_environment_hook('turtlesim', 'cmake_prefix_path')
[31.015s] INFO:colcon.colcon_core.shell:Creating environment hook '/home/zheka/Smart Mobility Engineering Lab/ros2_ws/install/turtlesim/share/turtlesim/hook/cmake_prefix_path.ps1'
[31.019s] INFO:colcon.colcon_core.shell:Creating environment descriptor '/home/zheka/Smart Mobility Engineering Lab/ros2_ws/install/turtlesim/share/turtlesim/hook/cmake_prefix_path.dsv'
[31.019s] INFO:colcon.colcon_core.shell:Creating environment hook '/home/zheka/Smart Mobility Engineering Lab/ros2_ws/install/turtlesim/share/turtlesim/hook/cmake_prefix_path.sh'
[31.021s] Level 1:colcon.colcon_core.environment:checking '/home/zheka/Smart Mobility Engineering Lab/ros2_ws/install/turtlesim/lib'
[31.021s] Level 1:colcon.colcon_core.shell:create_environment_hook('turtlesim', 'ld_library_path_lib')
[31.027s] INFO:colcon.colcon_core.shell:Creating environment hook '/home/zheka/Smart Mobility Engineering Lab/ros2_ws/install/turtlesim/share/turtlesim/hook/ld_library_path_lib.ps1'
[31.027s] INFO:colcon.colcon_core.shell:Creating environment descriptor '/home/zheka/Smart Mobility Engineering Lab/ros2_ws/install/turtlesim/share/turtlesim/hook/ld_library_path_lib.dsv'
[31.027s] INFO:colcon.colcon_core.shell:Creating environment hook '/home/zheka/Smart Mobility Engineering Lab/ros2_ws/install/turtlesim/share/turtlesim/hook/ld_library_path_lib.sh'
[31.027s] Level 1:colcon.colcon_core.environment:checking '/home/zheka/Smart Mobility Engineering Lab/ros2_ws/install/turtlesim/bin'
[31.028s] Level 1:colcon.colcon_core.environment:checking '/home/zheka/Smart Mobility Engineering Lab/ros2_ws/install/turtlesim/lib/pkgconfig/turtlesim.pc'
[31.029s] Level 1:colcon.colcon_core.environment:checking '/home/zheka/Smart Mobility Engineering Lab/ros2_ws/install/turtlesim/lib/python3.10/site-packages'
[31.029s] Level 1:colcon.colcon_core.environment:checking '/home/zheka/Smart Mobility Engineering Lab/ros2_ws/install/turtlesim/bin'
[31.035s] INFO:colcon.colcon_core.shell:Creating package script '/home/zheka/Smart Mobility Engineering Lab/ros2_ws/install/turtlesim/share/turtlesim/package.ps1'
[31.036s] INFO:colcon.colcon_core.shell:Creating package descriptor '/home/zheka/Smart Mobility Engineering Lab/ros2_ws/install/turtlesim/share/turtlesim/package.dsv'
[31.036s] INFO:colcon.colcon_core.shell:Creating package script '/home/zheka/Smart Mobility Engineering Lab/ros2_ws/install/turtlesim/share/turtlesim/package.sh'
[31.037s] INFO:colcon.colcon_core.shell:Creating package script '/home/zheka/Smart Mobility Engineering Lab/ros2_ws/install/turtlesim/share/turtlesim/package.bash'
[31.037s] INFO:colcon.colcon_core.shell:Creating package script '/home/zheka/Smart Mobility Engineering Lab/ros2_ws/install/turtlesim/share/turtlesim/package.zsh'
[31.038s] Level 1:colcon.colcon_core.environment:create_file_with_runtime_dependencies(/home/zheka/Smart Mobility Engineering Lab/ros2_ws/install/turtlesim/share/colcon-core/packages/turtlesim)
[31.200s] Level 1:colcon.colcon_core.environment:create_environment_scripts_only(turtlesim)
[31.206s] Level 1:colcon.colcon_core.environment:checking '/home/zheka/Smart Mobility Engineering Lab/ros2_ws/install/turtlesim' for CMake module files
[31.206s] Level 1:colcon.colcon_core.environment:checking '/home/zheka/Smart Mobility Engineering Lab/ros2_ws/install/turtlesim' for CMake config files
[31.206s] Level 1:colcon.colcon_core.shell:create_environment_hook('turtlesim', 'cmake_prefix_path')
[31.215s] INFO:colcon.colcon_core.shell:Creating environment hook '/home/zheka/Smart Mobility Engineering Lab/ros2_ws/install/turtlesim/share/turtlesim/hook/cmake_prefix_path.ps1'
[31.215s] INFO:colcon.colcon_core.shell:Creating environment descriptor '/home/zheka/Smart Mobility Engineering Lab/ros2_ws/install/turtlesim/share/turtlesim/hook/cmake_prefix_path.dsv'
[31.215s] INFO:colcon.colcon_core.shell:Creating environment hook '/home/zheka/Smart Mobility Engineering Lab/ros2_ws/install/turtlesim/share/turtlesim/hook/cmake_prefix_path.sh'
[31.216s] Level 1:colcon.colcon_core.environment:checking '/home/zheka/Smart Mobility Engineering Lab/ros2_ws/install/turtlesim/lib'
[31.216s] Level 1:colcon.colcon_core.shell:create_environment_hook('turtlesim', 'ld_library_path_lib')
[31.222s] INFO:colcon.colcon_core.shell:Creating environment hook '/home/zheka/Smart Mobility Engineering Lab/ros2_ws/install/turtlesim/share/turtlesim/hook/ld_library_path_lib.ps1'
[31.222s] INFO:colcon.colcon_core.shell:Creating environment descriptor '/home/zheka/Smart Mobility Engineering Lab/ros2_ws/install/turtlesim/share/turtlesim/hook/ld_library_path_lib.dsv'
[31.223s] INFO:colcon.colcon_core.shell:Creating environment hook '/home/zheka/Smart Mobility Engineering Lab/ros2_ws/install/turtlesim/share/turtlesim/hook/ld_library_path_lib.sh'
[31.223s] Level 1:colcon.colcon_core.environment:checking '/home/zheka/Smart Mobility Engineering Lab/ros2_ws/install/turtlesim/bin'
[31.223s] Level 1:colcon.colcon_core.environment:checking '/home/zheka/Smart Mobility Engineering Lab/ros2_ws/install/turtlesim/lib/pkgconfig/turtlesim.pc'
[31.224s] Level 1:colcon.colcon_core.environment:checking '/home/zheka/Smart Mobility Engineering Lab/ros2_ws/install/turtlesim/lib/python3.10/site-packages'
[31.224s] Level 1:colcon.colcon_core.environment:checking '/home/zheka/Smart Mobility Engineering Lab/ros2_ws/install/turtlesim/bin'
[31.229s] INFO:colcon.colcon_core.shell:Creating package script '/home/zheka/Smart Mobility Engineering Lab/ros2_ws/install/turtlesim/share/turtlesim/package.ps1'
[31.229s] INFO:colcon.colcon_core.shell:Creating package descriptor '/home/zheka/Smart Mobility Engineering Lab/ros2_ws/install/turtlesim/share/turtlesim/package.dsv'
[31.230s] INFO:colcon.colcon_core.shell:Creating package script '/home/zheka/Smart Mobility Engineering Lab/ros2_ws/install/turtlesim/share/turtlesim/package.sh'
[31.230s] INFO:colcon.colcon_core.shell:Creating package script '/home/zheka/Smart Mobility Engineering Lab/ros2_ws/install/turtlesim/share/turtlesim/package.bash'
[31.230s] INFO:colcon.colcon_core.shell:Creating package script '/home/zheka/Smart Mobility Engineering Lab/ros2_ws/install/turtlesim/share/turtlesim/package.zsh'
[31.230s] Level 1:colcon.colcon_core.environment:create_file_with_runtime_dependencies(/home/zheka/Smart Mobility Engineering Lab/ros2_ws/install/turtlesim/share/colcon-core/packages/turtlesim)
[31.231s] DEBUG:colcon.colcon_parallel_executor.executor.parallel:closing loop
[31.232s] DEBUG:colcon.colcon_parallel_executor.executor.parallel:loop closed
[31.232s] DEBUG:colcon.colcon_parallel_executor.executor.parallel:run_until_complete finished with '0'
[31.233s] DEBUG:colcon.colcon_core.event_reactor:joining thread
[31.255s] INFO:colcon.colcon_core.plugin_system:Skipping extension 'colcon_notification.desktop_notification.terminal_notifier': Not used on non-Darwin systems
[31.255s] INFO:colcon.colcon_core.plugin_system:Skipping extension 'colcon_notification.desktop_notification.win32': Not used on non-Windows systems
[31.255s] INFO:colcon.colcon_notification.desktop_notification:Sending desktop notification using 'notify2'
[31.307s] DEBUG:colcon.colcon_core.event_reactor:joined thread
[31.328s] INFO:colcon.colcon_core.shell:Creating prefix script '/home/zheka/Smart Mobility Engineering Lab/ros2_ws/install/local_setup.ps1'
[31.329s] INFO:colcon.colcon_core.shell:Creating prefix util module '/home/zheka/Smart Mobility Engineering Lab/ros2_ws/install/_local_setup_util_ps1.py'
[31.331s] INFO:colcon.colcon_core.shell:Creating prefix chain script '/home/zheka/Smart Mobility Engineering Lab/ros2_ws/install/setup.ps1'
[31.344s] INFO:colcon.colcon_core.shell:Creating prefix script '/home/zheka/Smart Mobility Engineering Lab/ros2_ws/install/local_setup.sh'
[31.344s] INFO:colcon.colcon_core.shell:Creating prefix util module '/home/zheka/Smart Mobility Engineering Lab/ros2_ws/install/_local_setup_util_sh.py'
[31.344s] INFO:colcon.colcon_core.shell:Creating prefix chain script '/home/zheka/Smart Mobility Engineering Lab/ros2_ws/install/setup.sh'
[31.354s] INFO:colcon.colcon_core.shell:Creating prefix script '/home/zheka/Smart Mobility Engineering Lab/ros2_ws/install/local_setup.bash'
[31.354s] INFO:colcon.colcon_core.shell:Creating prefix chain script '/home/zheka/Smart Mobility Engineering Lab/ros2_ws/install/setup.bash'
[31.361s] INFO:colcon.colcon_core.shell:Creating prefix script '/home/zheka/Smart Mobility Engineering Lab/ros2_ws/install/local_setup.zsh'
[31.361s] INFO:colcon.colcon_core.shell:Creating prefix chain script '/home/zheka/Smart Mobility Engineering Lab/ros2_ws/install/setup.zsh'
