[0.024s] Invoking command in '/home/zheka/Smart Mobility Engineering Lab/ros2_ws/build/turtlesim': CMAKE_PREFIX_PATH=/opt/ros/humble /usr/bin/cmake /home/zheka/Smart Mobility Engineering Lab/ros2_ws/src/ros_tutorials/turtlesim -DCMAKE_INSTALL_PREFIX=/home/zheka/Smart Mobility Engineering Lab/ros2_ws/install/turtlesim
[0.140s] -- The C compiler identification is GNU 11.4.0
[0.213s] -- The CXX compiler identification is GNU 11.4.0
[0.220s] -- Detecting C compiler ABI info
[0.274s] -- Detecting C compiler ABI info - done
[0.279s] -- Check for working C compiler: /usr/bin/cc - skipped
[0.279s] -- Detecting C compile features
[0.280s] -- Detecting C compile features - done
[0.282s] -- Detecting CXX compiler ABI info
[0.339s] -- Detecting CXX compiler ABI info - done
[0.344s] -- Check for working CXX compiler: /usr/bin/c++ - skipped
[0.344s] -- Detecting CXX compile features
[0.344s] -- Detecting CXX compile features - done
[0.351s] -- Found ament_cmake: 1.3.5 (/opt/ros/humble/share/ament_cmake/cmake)
[0.449s] -- Found Python3: /usr/bin/python3.10 (found version "3.10.12") found components: Interpreter 
[0.506s] -- Found ament_index_cpp: 1.4.0 (/opt/ros/humble/share/ament_index_cpp/cmake)
[0.507s] -- Found geometry_msgs: 4.2.3 (/opt/ros/humble/share/geometry_msgs/cmake)
[0.540s] -- Found rosidl_generator_c: 3.1.5 (/opt/ros/humble/share/rosidl_generator_c/cmake)
[0.543s] -- Found rosidl_adapter: 3.1.5 (/opt/ros/humble/share/rosidl_adapter/cmake)
[0.550s] -- Found rosidl_generator_cpp: 3.1.5 (/opt/ros/humble/share/rosidl_generator_cpp/cmake)
[0.561s] -- Using all available rosidl_typesupport_c: rosidl_typesupport_fastrtps_c;rosidl_typesupport_introspection_c
[0.577s] -- Using all available rosidl_typesupport_cpp: rosidl_typesupport_fastrtps_cpp;rosidl_typesupport_introspection_cpp
[0.706s] -- Found rclcpp: 16.0.6 (/opt/ros/humble/share/rclcpp/cmake)
[0.778s] -- Found rmw_implementation_cmake: 6.1.1 (/opt/ros/humble/share/rmw_implementation_cmake/cmake)
[0.781s] -- Found rmw_fastrtps_cpp: 6.2.4 (/opt/ros/humble/share/rmw_fastrtps_cpp/cmake)
[0.873s] -- Found OpenSSL: /usr/lib/aarch64-linux-gnu/libcrypto.so (found version "3.0.2")  
[0.893s] -- Found FastRTPS: /opt/ros/humble/include  
[0.930s] -- Using RMW implementation 'rmw_fastrtps_cpp' as default
[0.942s] -- Looking for pthread.h
[1.021s] -- Looking for pthread.h - found
[1.021s] -- Performing Test CMAKE_HAVE_LIBC_PTHREAD
[1.088s] -- Performing Test CMAKE_HAVE_LIBC_PTHREAD - Success
[1.089s] -- Found Threads: TRUE  
[1.201s] -- Found rclcpp_action: 16.0.6 (/opt/ros/humble/share/rclcpp_action/cmake)
[1.278s] -- Found rosidl_default_generators: 1.2.0 (/opt/ros/humble/share/rosidl_default_generators/cmake)
[1.286s] -- Found std_srvs: 4.2.3 (/opt/ros/humble/share/std_srvs/cmake)
[1.479s] -- Found ament_cmake_ros: 0.10.0 (/opt/ros/humble/share/ament_cmake_ros/cmake)
[1.665s] -- Using all available rosidl_typesupport_c: rosidl_typesupport_fastrtps_c;rosidl_typesupport_introspection_c
[1.747s] -- Using all available rosidl_typesupport_cpp: rosidl_typesupport_fastrtps_cpp;rosidl_typesupport_introspection_cpp
[1.764s] -- Found PythonInterp: /usr/bin/python3 (found suitable version "3.10.12", minimum required is "3.6") 
[1.771s] -- Found python_cmake_module: 0.10.0 (/opt/ros/humble/share/python_cmake_module/cmake)
[1.802s] -- Found PythonLibs: /usr/lib/aarch64-linux-gnu/libpython3.10.so (found suitable version "3.10.12", minimum required is "3.5") 
[1.802s] -- Using PYTHON_EXECUTABLE: /usr/bin/python3
[1.802s] -- Using PYTHON_INCLUDE_DIRS: /usr/include/python3.10
[1.802s] -- Using PYTHON_LIBRARIES: /usr/lib/aarch64-linux-gnu/libpython3.10.so
[1.816s] -- Found PythonExtra: .so  
[1.875s] -- Configuring done
[1.924s] -- Generating done
[1.926s] -- Build files have been written to: /home/zheka/Smart Mobility Engineering Lab/ros2_ws/build/turtlesim
[1.936s] Invoked command in '/home/zheka/Smart Mobility Engineering Lab/ros2_ws/build/turtlesim' returned '0': CMAKE_PREFIX_PATH=/opt/ros/humble /usr/bin/cmake /home/zheka/Smart Mobility Engineering Lab/ros2_ws/src/ros_tutorials/turtlesim -DCMAKE_INSTALL_PREFIX=/home/zheka/Smart Mobility Engineering Lab/ros2_ws/install/turtlesim
[1.936s] Invoking command in '/home/zheka/Smart Mobility Engineering Lab/ros2_ws/build/turtlesim': CMAKE_PREFIX_PATH=/opt/ros/humble /usr/bin/cmake --build /home/zheka/Smart Mobility Engineering Lab/ros2_ws/build/turtlesim -- -j2 -l2
[1.983s] [  1%] [34m[1mGenerating C code for ROS interfaces[0m
[1.988s] [  2%] [34m[1mGenerating C++ code for ROS interfaces[0m
[3.060s] [  3%] [32mBuilding C object CMakeFiles/turtlesim__rosidl_generator_c.dir/rosidl_generator_c/turtlesim/action/detail/rotate_absolute__functions.c.o[0m
[3.080s] [  3%] Built target turtlesim__cpp
[3.107s] [  3%] Built target ament_cmake_python_copy_turtlesim
[3.115s] [  4%] [34m[1mGenerating C++ type support dispatch for ROS interfaces[0m
[3.161s] [  5%] [32mBuilding C object CMakeFiles/turtlesim__rosidl_generator_c.dir/rosidl_generator_c/turtlesim/msg/detail/color__functions.c.o[0m
[3.195s] [  6%] [32mBuilding C object CMakeFiles/turtlesim__rosidl_generator_c.dir/rosidl_generator_c/turtlesim/msg/detail/pose__functions.c.o[0m
[3.249s] [  7%] [32mBuilding C object CMakeFiles/turtlesim__rosidl_generator_c.dir/rosidl_generator_c/turtlesim/srv/detail/kill__functions.c.o[0m
[3.342s] [  8%] [32mBuilding C object CMakeFiles/turtlesim__rosidl_generator_c.dir/rosidl_generator_c/turtlesim/srv/detail/set_pen__functions.c.o[0m
[3.420s] [  9%] [32mBuilding C object CMakeFiles/turtlesim__rosidl_generator_c.dir/rosidl_generator_c/turtlesim/srv/detail/spawn__functions.c.o[0m
[3.500s] [ 10%] [32mBuilding C object CMakeFiles/turtlesim__rosidl_generator_c.dir/rosidl_generator_c/turtlesim/srv/detail/teleport_absolute__functions.c.o[0m
[3.558s] [ 11%] [32mBuilding C object CMakeFiles/turtlesim__rosidl_generator_c.dir/rosidl_generator_c/turtlesim/srv/detail/teleport_relative__functions.c.o[0m
[3.610s] [ 12%] [32m[1mLinking C shared library libturtlesim__rosidl_generator_c.so[0m
[3.621s] [ 13%] [32mBuilding CXX object CMakeFiles/turtlesim__rosidl_typesupport_cpp.dir/rosidl_typesupport_cpp/turtlesim/action/rotate_absolute__type_support.cpp.o[0m
[3.649s] [ 13%] Built target turtlesim__rosidl_generator_c
[3.661s] [ 14%] [34m[1mGenerating C++ type support for eProsima Fast-RTPS[0m
[4.015s] [ 15%] [32mBuilding CXX object CMakeFiles/turtlesim__rosidl_typesupport_cpp.dir/rosidl_typesupport_cpp/turtlesim/msg/color__type_support.cpp.o[0m
[4.164s] [ 16%] [32mBuilding CXX object CMakeFiles/turtlesim__rosidl_typesupport_cpp.dir/rosidl_typesupport_cpp/turtlesim/msg/pose__type_support.cpp.o[0m
[4.319s] [ 17%] [32mBuilding CXX object CMakeFiles/turtlesim__rosidl_typesupport_cpp.dir/rosidl_typesupport_cpp/turtlesim/srv/kill__type_support.cpp.o[0m
[4.323s] [ 18%] [32mBuilding CXX object CMakeFiles/turtlesim__rosidl_typesupport_fastrtps_cpp.dir/rosidl_typesupport_fastrtps_cpp/turtlesim/action/detail/dds_fastrtps/rotate_absolute__type_support.cpp.o[0m
[4.476s] [ 19%] [32mBuilding CXX object CMakeFiles/turtlesim__rosidl_typesupport_cpp.dir/rosidl_typesupport_cpp/turtlesim/srv/set_pen__type_support.cpp.o[0m
[4.632s] [ 20%] [32mBuilding CXX object CMakeFiles/turtlesim__rosidl_typesupport_cpp.dir/rosidl_typesupport_cpp/turtlesim/srv/spawn__type_support.cpp.o[0m
[4.671s] [ 21%] [32mBuilding CXX object CMakeFiles/turtlesim__rosidl_typesupport_fastrtps_cpp.dir/rosidl_typesupport_fastrtps_cpp/turtlesim/msg/detail/dds_fastrtps/color__type_support.cpp.o[0m
[4.785s] [ 22%] [32mBuilding CXX object CMakeFiles/turtlesim__rosidl_typesupport_cpp.dir/rosidl_typesupport_cpp/turtlesim/srv/teleport_absolute__type_support.cpp.o[0m
[4.883s] [ 23%] [32mBuilding CXX object CMakeFiles/turtlesim__rosidl_typesupport_fastrtps_cpp.dir/rosidl_typesupport_fastrtps_cpp/turtlesim/msg/detail/dds_fastrtps/pose__type_support.cpp.o[0m
[4.927s] [ 24%] [32mBuilding CXX object CMakeFiles/turtlesim__rosidl_typesupport_cpp.dir/rosidl_typesupport_cpp/turtlesim/srv/teleport_relative__type_support.cpp.o[0m
[5.073s] [ 25%] [32m[1mLinking CXX shared library libturtlesim__rosidl_typesupport_cpp.so[0m
[5.096s] [ 26%] [32mBuilding CXX object CMakeFiles/turtlesim__rosidl_typesupport_fastrtps_cpp.dir/rosidl_typesupport_fastrtps_cpp/turtlesim/srv/detail/dds_fastrtps/kill__type_support.cpp.o[0m
[5.103s] [ 26%] Built target turtlesim__rosidl_typesupport_cpp
[5.111s] [ 27%] [34m[1mGenerating C introspection for ROS interfaces[0m
[5.312s] [ 28%] [32mBuilding CXX object CMakeFiles/turtlesim__rosidl_typesupport_fastrtps_cpp.dir/rosidl_typesupport_fastrtps_cpp/turtlesim/srv/detail/dds_fastrtps/set_pen__type_support.cpp.o[0m
[5.527s] [ 29%] [32mBuilding CXX object CMakeFiles/turtlesim__rosidl_typesupport_fastrtps_cpp.dir/rosidl_typesupport_fastrtps_cpp/turtlesim/srv/detail/dds_fastrtps/spawn__type_support.cpp.o[0m
[5.604s] [ 30%] [32mBuilding C object CMakeFiles/turtlesim__rosidl_typesupport_introspection_c.dir/rosidl_typesupport_introspection_c/turtlesim/action/detail/rotate_absolute__type_support.c.o[0m
[5.639s] [ 31%] [32mBuilding C object CMakeFiles/turtlesim__rosidl_typesupport_introspection_c.dir/rosidl_typesupport_introspection_c/turtlesim/msg/detail/color__type_support.c.o[0m
[5.668s] [ 32%] [32mBuilding C object CMakeFiles/turtlesim__rosidl_typesupport_introspection_c.dir/rosidl_typesupport_introspection_c/turtlesim/msg/detail/pose__type_support.c.o[0m
[5.695s] [ 33%] [32mBuilding C object CMakeFiles/turtlesim__rosidl_typesupport_introspection_c.dir/rosidl_typesupport_introspection_c/turtlesim/srv/detail/kill__type_support.c.o[0m
[5.723s] [ 34%] [32mBuilding C object CMakeFiles/turtlesim__rosidl_typesupport_introspection_c.dir/rosidl_typesupport_introspection_c/turtlesim/srv/detail/set_pen__type_support.c.o[0m
[5.755s] [ 35%] [32mBuilding C object CMakeFiles/turtlesim__rosidl_typesupport_introspection_c.dir/rosidl_typesupport_introspection_c/turtlesim/srv/detail/spawn__type_support.c.o[0m
[5.755s] [ 36%] [32mBuilding CXX object CMakeFiles/turtlesim__rosidl_typesupport_fastrtps_cpp.dir/rosidl_typesupport_fastrtps_cpp/turtlesim/srv/detail/dds_fastrtps/teleport_absolute__type_support.cpp.o[0m
[5.784s] [ 37%] [32mBuilding C object CMakeFiles/turtlesim__rosidl_typesupport_introspection_c.dir/rosidl_typesupport_introspection_c/turtlesim/srv/detail/teleport_absolute__type_support.c.o[0m
[5.811s] [ 38%] [32mBuilding C object CMakeFiles/turtlesim__rosidl_typesupport_introspection_c.dir/rosidl_typesupport_introspection_c/turtlesim/srv/detail/teleport_relative__type_support.c.o[0m
[5.839s] [ 39%] [32m[1mLinking C shared library libturtlesim__rosidl_typesupport_introspection_c.so[0m
[5.868s] [ 39%] Built target turtlesim__rosidl_typesupport_introspection_c
[5.877s] [ 40%] [34m[1mGenerating C type support dispatch for ROS interfaces[0m
[5.974s] [ 41%] [32mBuilding CXX object CMakeFiles/turtlesim__rosidl_typesupport_fastrtps_cpp.dir/rosidl_typesupport_fastrtps_cpp/turtlesim/srv/detail/dds_fastrtps/teleport_relative__type_support.cpp.o[0m
[6.207s] [ 42%] [32mBuilding CXX object CMakeFiles/turtlesim__rosidl_typesupport_c.dir/rosidl_typesupport_c/turtlesim/action/rotate_absolute__type_support.cpp.o[0m
[6.232s] [ 43%] [32m[1mLinking CXX shared library libturtlesim__rosidl_typesupport_fastrtps_cpp.so[0m
[6.243s] [ 44%] [32mBuilding CXX object CMakeFiles/turtlesim__rosidl_typesupport_c.dir/rosidl_typesupport_c/turtlesim/msg/color__type_support.cpp.o[0m
[6.272s] [ 45%] [32mBuilding CXX object CMakeFiles/turtlesim__rosidl_typesupport_c.dir/rosidl_typesupport_c/turtlesim/msg/pose__type_support.cpp.o[0m
[6.300s] [ 46%] [32mBuilding CXX object CMakeFiles/turtlesim__rosidl_typesupport_c.dir/rosidl_typesupport_c/turtlesim/srv/kill__type_support.cpp.o[0m
[6.302s] [ 46%] Built target turtlesim__rosidl_typesupport_fastrtps_cpp
[6.310s] [ 47%] [34m[1mGenerating C++ introspection for ROS interfaces[0m
[6.326s] [ 48%] [32mBuilding CXX object CMakeFiles/turtlesim__rosidl_typesupport_c.dir/rosidl_typesupport_c/turtlesim/srv/set_pen__type_support.cpp.o[0m
[6.371s] [ 49%] [32mBuilding CXX object CMakeFiles/turtlesim__rosidl_typesupport_c.dir/rosidl_typesupport_c/turtlesim/srv/spawn__type_support.cpp.o[0m
[6.391s] [ 50%] [32mBuilding CXX object CMakeFiles/turtlesim__rosidl_typesupport_c.dir/rosidl_typesupport_c/turtlesim/srv/teleport_absolute__type_support.cpp.o[0m
[6.416s] [ 51%] [32mBuilding CXX object CMakeFiles/turtlesim__rosidl_typesupport_c.dir/rosidl_typesupport_c/turtlesim/srv/teleport_relative__type_support.cpp.o[0m
[6.441s] [ 52%] [32m[1mLinking CXX shared library libturtlesim__rosidl_typesupport_c.so[0m
[6.474s] [ 52%] Built target turtlesim__rosidl_typesupport_c
[6.599s] running egg_info
[6.600s] creating turtlesim.egg-info
[6.600s] writing turtlesim.egg-info/PKG-INFO
[6.600s] writing dependency_links to turtlesim.egg-info/dependency_links.txt
[6.600s] writing top-level names to turtlesim.egg-info/top_level.txt
[6.600s] writing manifest file 'turtlesim.egg-info/SOURCES.txt'
[6.602s] reading manifest file 'turtlesim.egg-info/SOURCES.txt'
[6.602s] writing manifest file 'turtlesim.egg-info/SOURCES.txt'
[6.618s] [ 52%] Built target ament_cmake_python_build_turtlesim_egg
[6.626s] [ 53%] [34m[1mGenerating include/turtlesim/moc_turtle_frame.cpp[0m
[6.698s] [ 54%] [32mBuilding CXX object CMakeFiles/turtlesim_node.dir/src/turtlesim.cpp.o[0m
[6.776s] [ 55%] [32mBuilding CXX object CMakeFiles/turtlesim__rosidl_typesupport_introspection_cpp.dir/rosidl_typesupport_introspection_cpp/turtlesim/action/detail/rotate_absolute__type_support.cpp.o[0m
[7.118s] [ 56%] [32mBuilding CXX object CMakeFiles/turtlesim__rosidl_typesupport_introspection_cpp.dir/rosidl_typesupport_introspection_cpp/turtlesim/msg/detail/color__type_support.cpp.o[0m
[7.334s] [ 57%] [32mBuilding CXX object CMakeFiles/turtlesim__rosidl_typesupport_introspection_cpp.dir/rosidl_typesupport_introspection_cpp/turtlesim/msg/detail/pose__type_support.cpp.o[0m
[7.576s] [ 58%] [32mBuilding CXX object CMakeFiles/turtlesim__rosidl_typesupport_introspection_cpp.dir/rosidl_typesupport_introspection_cpp/turtlesim/srv/detail/kill__type_support.cpp.o[0m
[7.818s] [ 59%] [32mBuilding CXX object CMakeFiles/turtlesim__rosidl_typesupport_introspection_cpp.dir/rosidl_typesupport_introspection_cpp/turtlesim/srv/detail/set_pen__type_support.cpp.o[0m
[8.047s] [ 60%] [32mBuilding CXX object CMakeFiles/turtlesim__rosidl_typesupport_introspection_cpp.dir/rosidl_typesupport_introspection_cpp/turtlesim/srv/detail/spawn__type_support.cpp.o[0m
[8.280s] [ 61%] [32mBuilding CXX object CMakeFiles/turtlesim__rosidl_typesupport_introspection_cpp.dir/rosidl_typesupport_introspection_cpp/turtlesim/srv/detail/teleport_absolute__type_support.cpp.o[0m
[8.516s] [ 62%] [32mBuilding CXX object CMakeFiles/turtlesim__rosidl_typesupport_introspection_cpp.dir/rosidl_typesupport_introspection_cpp/turtlesim/srv/detail/teleport_relative__type_support.cpp.o[0m
[8.742s] [ 63%] [32m[1mLinking CXX shared library libturtlesim__rosidl_typesupport_introspection_cpp.so[0m
[8.800s] [ 63%] Built target turtlesim__rosidl_typesupport_introspection_cpp
[8.818s] [ 64%] [32mBuilding CXX object CMakeFiles/turtle_teleop_key.dir/tutorials/teleop_turtle_key.cpp.o[0m
[9.331s] [ 65%] [32mBuilding CXX object CMakeFiles/turtlesim_node.dir/src/turtle.cpp.o[0m
[13.148s] [ 66%] [32m[1mLinking CXX executable turtle_teleop_key[0m
[13.484s] [ 66%] Built target turtle_teleop_key
[13.509s] [ 67%] [32mBuilding CXX object CMakeFiles/turtlesim_node.dir/src/turtle_frame.cpp.o[0m
[17.711s] [ 68%] [32mBuilding CXX object CMakeFiles/turtlesim_node.dir/include/turtlesim/moc_turtle_frame.cpp.o[0m
[20.104s] [ 69%] [32mBuilding CXX object CMakeFiles/draw_square.dir/tutorials/draw_square.cpp.o[0m
[20.549s] [ 70%] [32m[1mLinking CXX executable turtlesim_node[0m
[22.580s] [ 70%] Built target turtlesim_node
[22.644s] [ 71%] [32mBuilding CXX object CMakeFiles/mimic.dir/tutorials/mimic.cpp.o[0m
[26.103s] [ 72%] [32m[1mLinking CXX executable draw_square[0m
[26.400s] [ 72%] Built target draw_square
[26.410s] [ 73%] [34m[1mGenerating C type support for eProsima Fast-RTPS[0m
[26.941s] [ 74%] [32mBuilding CXX object CMakeFiles/turtlesim__rosidl_typesupport_fastrtps_c.dir/rosidl_typesupport_fastrtps_c/turtlesim/action/detail/rotate_absolute__type_support_c.cpp.o[0m
[27.152s] [ 75%] [32mBuilding CXX object CMakeFiles/turtlesim__rosidl_typesupport_fastrtps_c.dir/rosidl_typesupport_fastrtps_c/turtlesim/msg/detail/color__type_support_c.cpp.o[0m
[27.328s] [ 76%] [32mBuilding CXX object CMakeFiles/turtlesim__rosidl_typesupport_fastrtps_c.dir/rosidl_typesupport_fastrtps_c/turtlesim/msg/detail/pose__type_support_c.cpp.o[0m
[27.515s] [ 77%] [32mBuilding CXX object CMakeFiles/turtlesim__rosidl_typesupport_fastrtps_c.dir/rosidl_typesupport_fastrtps_c/turtlesim/srv/detail/kill__type_support_c.cpp.o[0m
[27.734s] [ 78%] [32mBuilding CXX object CMakeFiles/turtlesim__rosidl_typesupport_fastrtps_c.dir/rosidl_typesupport_fastrtps_c/turtlesim/srv/detail/set_pen__type_support_c.cpp.o[0m
[27.831s] [ 79%] [32m[1mLinking CXX executable mimic[0m
[27.933s] [ 80%] [32mBuilding CXX object CMakeFiles/turtlesim__rosidl_typesupport_fastrtps_c.dir/rosidl_typesupport_fastrtps_c/turtlesim/srv/detail/spawn__type_support_c.cpp.o[0m
[28.108s] [ 80%] Built target mimic
[28.115s] [ 81%] [32mBuilding CXX object CMakeFiles/turtlesim__rosidl_typesupport_fastrtps_c.dir/rosidl_typesupport_fastrtps_c/turtlesim/srv/detail/teleport_absolute__type_support_c.cpp.o[0m
[28.134s] [ 82%] [32mBuilding CXX object CMakeFiles/turtlesim__rosidl_typesupport_fastrtps_c.dir/rosidl_typesupport_fastrtps_c/turtlesim/srv/detail/teleport_relative__type_support_c.cpp.o[0m
[28.322s] [ 83%] [32m[1mLinking CXX shared library libturtlesim__rosidl_typesupport_fastrtps_c.so[0m
[28.364s] [ 83%] Built target turtlesim__rosidl_typesupport_fastrtps_c
[28.382s] [ 83%] Built target turtlesim
[28.400s] [ 84%] [34m[1mGenerating Python code for ROS interfaces[0m
[29.378s] [ 84%] Built target turtlesim__py
[29.397s] [ 85%] [32mBuilding C object CMakeFiles/turtlesim__rosidl_generator_py.dir/rosidl_generator_py/turtlesim/msg/_color_s.c.o[0m
[29.398s] [ 86%] [32mBuilding C object CMakeFiles/turtlesim__rosidl_generator_py.dir/rosidl_generator_py/turtlesim/action/_rotate_absolute_s.c.o[0m
[29.493s] [ 87%] [32mBuilding C object CMakeFiles/turtlesim__rosidl_generator_py.dir/rosidl_generator_py/turtlesim/msg/_pose_s.c.o[0m
[29.516s] [ 88%] [32mBuilding C object CMakeFiles/turtlesim__rosidl_generator_py.dir/rosidl_generator_py/turtlesim/srv/_kill_s.c.o[0m
[29.561s] [ 89%] [32mBuilding C object CMakeFiles/turtlesim__rosidl_generator_py.dir/rosidl_generator_py/turtlesim/srv/_set_pen_s.c.o[0m
[29.581s] [ 90%] [32mBuilding C object CMakeFiles/turtlesim__rosidl_generator_py.dir/rosidl_generator_py/turtlesim/srv/_spawn_s.c.o[0m
[29.630s] [ 91%] [32mBuilding C object CMakeFiles/turtlesim__rosidl_generator_py.dir/rosidl_generator_py/turtlesim/srv/_teleport_absolute_s.c.o[0m
[29.655s] [ 92%] [32mBuilding C object CMakeFiles/turtlesim__rosidl_generator_py.dir/rosidl_generator_py/turtlesim/srv/_teleport_relative_s.c.o[0m
[29.725s] [ 93%] [32m[1mLinking C shared library rosidl_generator_py/turtlesim/libturtlesim__rosidl_generator_py.so[0m
[29.753s] [ 93%] Built target turtlesim__rosidl_generator_py
[29.769s] [ 94%] [32mBuilding C object CMakeFiles/turtlesim__rosidl_typesupport_fastrtps_c__pyext.dir/rosidl_generator_py/turtlesim/_turtlesim_s.ep.rosidl_typesupport_fastrtps_c.c.o[0m
[29.769s] [ 95%] [32mBuilding C object CMakeFiles/turtlesim__rosidl_typesupport_introspection_c__pyext.dir/rosidl_generator_py/turtlesim/_turtlesim_s.ep.rosidl_typesupport_introspection_c.c.o[0m
[29.864s] [ 96%] [32m[1mLinking C shared library rosidl_generator_py/turtlesim/turtlesim_s__rosidl_typesupport_fastrtps_c.cpython-310-aarch64-linux-gnu.so[0m
[29.864s] [ 97%] [32m[1mLinking C shared library rosidl_generator_py/turtlesim/turtlesim_s__rosidl_typesupport_introspection_c.cpython-310-aarch64-linux-gnu.so[0m
[29.892s] [ 97%] Built target turtlesim__rosidl_typesupport_fastrtps_c__pyext
[29.896s] [ 97%] Built target turtlesim__rosidl_typesupport_introspection_c__pyext
[29.913s] [ 98%] [32mBuilding C object CMakeFiles/turtlesim__rosidl_typesupport_c__pyext.dir/rosidl_generator_py/turtlesim/_turtlesim_s.ep.rosidl_typesupport_c.c.o[0m
[30.004s] [100%] [32m[1mLinking C shared library rosidl_generator_py/turtlesim/turtlesim_s__rosidl_typesupport_c.cpython-310-aarch64-linux-gnu.so[0m
[30.037s] [100%] Built target turtlesim__rosidl_typesupport_c__pyext
[30.074s] Invoked command in '/home/zheka/Smart Mobility Engineering Lab/ros2_ws/build/turtlesim' returned '0': CMAKE_PREFIX_PATH=/opt/ros/humble /usr/bin/cmake --build /home/zheka/Smart Mobility Engineering Lab/ros2_ws/build/turtlesim -- -j2 -l2
[30.261s] Invoking command in '/home/zheka/Smart Mobility Engineering Lab/ros2_ws/build/turtlesim': CMAKE_PREFIX_PATH=/opt/ros/humble /usr/bin/cmake --install /home/zheka/Smart Mobility Engineering Lab/ros2_ws/build/turtlesim
[30.268s] -- Install configuration: ""
[30.269s] -- Installing: /home/zheka/Smart Mobility Engineering Lab/ros2_ws/install/turtlesim/share/ament_index/resource_index/rosidl_interfaces/turtlesim
[30.269s] -- Installing: /home/zheka/Smart Mobility Engineering Lab/ros2_ws/install/turtlesim/include/turtlesim/turtlesim
[30.269s] -- Installing: /home/zheka/Smart Mobility Engineering Lab/ros2_ws/install/turtlesim/include/turtlesim/turtlesim/srv
[30.269s] -- Installing: /home/zheka/Smart Mobility Engineering Lab/ros2_ws/install/turtlesim/include/turtlesim/turtlesim/srv/spawn.h
[30.269s] -- Installing: /home/zheka/Smart Mobility Engineering Lab/ros2_ws/install/turtlesim/include/turtlesim/turtlesim/srv/set_pen.h
[30.269s] -- Installing: /home/zheka/Smart Mobility Engineering Lab/ros2_ws/install/turtlesim/include/turtlesim/turtlesim/srv/kill.h
[30.269s] -- Installing: /home/zheka/Smart Mobility Engineering Lab/ros2_ws/install/turtlesim/include/turtlesim/turtlesim/srv/teleport_relative.h
[30.269s] -- Installing: /home/zheka/Smart Mobility Engineering Lab/ros2_ws/install/turtlesim/include/turtlesim/turtlesim/srv/teleport_absolute.h
[30.269s] -- Installing: /home/zheka/Smart Mobility Engineering Lab/ros2_ws/install/turtlesim/include/turtlesim/turtlesim/srv/detail
[30.270s] -- Installing: /home/zheka/Smart Mobility Engineering Lab/ros2_ws/install/turtlesim/include/turtlesim/turtlesim/srv/detail/teleport_relative__functions.c
[30.270s] -- Installing: /home/zheka/Smart Mobility Engineering Lab/ros2_ws/install/turtlesim/include/turtlesim/turtlesim/srv/detail/set_pen__struct.h
[30.270s] -- Installing: /home/zheka/Smart Mobility Engineering Lab/ros2_ws/install/turtlesim/include/turtlesim/turtlesim/srv/detail/teleport_relative__functions.h
[30.270s] -- Installing: /home/zheka/Smart Mobility Engineering Lab/ros2_ws/install/turtlesim/include/turtlesim/turtlesim/srv/detail/spawn__functions.h
[30.270s] -- Installing: /home/zheka/Smart Mobility Engineering Lab/ros2_ws/install/turtlesim/include/turtlesim/turtlesim/srv/detail/set_pen__functions.c
[30.270s] -- Installing: /home/zheka/Smart Mobility Engineering Lab/ros2_ws/install/turtlesim/include/turtlesim/turtlesim/srv/detail/spawn__functions.c
[30.270s] -- Installing: /home/zheka/Smart Mobility Engineering Lab/ros2_ws/install/turtlesim/include/turtlesim/turtlesim/srv/detail/kill__struct.h
[30.270s] -- Installing: /home/zheka/Smart Mobility Engineering Lab/ros2_ws/install/turtlesim/include/turtlesim/turtlesim/srv/detail/kill__functions.c
[30.270s] -- Installing: /home/zheka/Smart Mobility Engineering Lab/ros2_ws/install/turtlesim/include/turtlesim/turtlesim/srv/detail/set_pen__type_support.h
[30.271s] -- Installing: /home/zheka/Smart Mobility Engineering Lab/ros2_ws/install/turtlesim/include/turtlesim/turtlesim/srv/detail/kill__functions.h
[30.271s] -- Installing: /home/zheka/Smart Mobility Engineering Lab/ros2_ws/install/turtlesim/include/turtlesim/turtlesim/srv/detail/teleport_relative__struct.h
[30.271s] -- Installing: /home/zheka/Smart Mobility Engineering Lab/ros2_ws/install/turtlesim/include/turtlesim/turtlesim/srv/detail/spawn__struct.h
[30.271s] -- Installing: /home/zheka/Smart Mobility Engineering Lab/ros2_ws/install/turtlesim/include/turtlesim/turtlesim/srv/detail/teleport_absolute__functions.h
[30.271s] -- Installing: /home/zheka/Smart Mobility Engineering Lab/ros2_ws/install/turtlesim/include/turtlesim/turtlesim/srv/detail/teleport_absolute__struct.h
[30.271s] -- Installing: /home/zheka/Smart Mobility Engineering Lab/ros2_ws/install/turtlesim/include/turtlesim/turtlesim/srv/detail/spawn__type_support.h
[30.271s] -- Installing: /home/zheka/Smart Mobility Engineering Lab/ros2_ws/install/turtlesim/include/turtlesim/turtlesim/srv/detail/kill__type_support.h
[30.271s] -- Installing: /home/zheka/Smart Mobility Engineering Lab/ros2_ws/install/turtlesim/include/turtlesim/turtlesim/srv/detail/teleport_relative__type_support.h
[30.271s] -- Installing: /home/zheka/Smart Mobility Engineering Lab/ros2_ws/install/turtlesim/include/turtlesim/turtlesim/srv/detail/teleport_absolute__type_support.h
[30.271s] -- Installing: /home/zheka/Smart Mobility Engineering Lab/ros2_ws/install/turtlesim/include/turtlesim/turtlesim/srv/detail/teleport_absolute__functions.c
[30.271s] -- Installing: /home/zheka/Smart Mobility Engineering Lab/ros2_ws/install/turtlesim/include/turtlesim/turtlesim/srv/detail/set_pen__functions.h
[30.271s] -- Installing: /home/zheka/Smart Mobility Engineering Lab/ros2_ws/install/turtlesim/include/turtlesim/turtlesim/msg
[30.271s] -- Installing: /home/zheka/Smart Mobility Engineering Lab/ros2_ws/install/turtlesim/include/turtlesim/turtlesim/msg/rosidl_generator_c__visibility_control.h
[30.271s] -- Installing: /home/zheka/Smart Mobility Engineering Lab/ros2_ws/install/turtlesim/include/turtlesim/turtlesim/msg/pose.h
[30.271s] -- Installing: /home/zheka/Smart Mobility Engineering Lab/ros2_ws/install/turtlesim/include/turtlesim/turtlesim/msg/color.h
[30.271s] -- Installing: /home/zheka/Smart Mobility Engineering Lab/ros2_ws/install/turtlesim/include/turtlesim/turtlesim/msg/detail
[30.271s] -- Installing: /home/zheka/Smart Mobility Engineering Lab/ros2_ws/install/turtlesim/include/turtlesim/turtlesim/msg/detail/pose__type_support.h
[30.271s] -- Installing: /home/zheka/Smart Mobility Engineering Lab/ros2_ws/install/turtlesim/include/turtlesim/turtlesim/msg/detail/color__struct.h
[30.272s] -- Installing: /home/zheka/Smart Mobility Engineering Lab/ros2_ws/install/turtlesim/include/turtlesim/turtlesim/msg/detail/color__functions.h
[30.272s] -- Installing: /home/zheka/Smart Mobility Engineering Lab/ros2_ws/install/turtlesim/include/turtlesim/turtlesim/msg/detail/pose__functions.c
[30.272s] -- Installing: /home/zheka/Smart Mobility Engineering Lab/ros2_ws/install/turtlesim/include/turtlesim/turtlesim/msg/detail/pose__functions.h
[30.272s] -- Installing: /home/zheka/Smart Mobility Engineering Lab/ros2_ws/install/turtlesim/include/turtlesim/turtlesim/msg/detail/pose__struct.h
[30.272s] -- Installing: /home/zheka/Smart Mobility Engineering Lab/ros2_ws/install/turtlesim/include/turtlesim/turtlesim/msg/detail/color__functions.c
[30.272s] -- Installing: /home/zheka/Smart Mobility Engineering Lab/ros2_ws/install/turtlesim/include/turtlesim/turtlesim/msg/detail/color__type_support.h
[30.272s] -- Installing: /home/zheka/Smart Mobility Engineering Lab/ros2_ws/install/turtlesim/include/turtlesim/turtlesim/action
[30.272s] -- Installing: /home/zheka/Smart Mobility Engineering Lab/ros2_ws/install/turtlesim/include/turtlesim/turtlesim/action/rotate_absolute.h
[30.272s] -- Installing: /home/zheka/Smart Mobility Engineering Lab/ros2_ws/install/turtlesim/include/turtlesim/turtlesim/action/detail
[30.272s] -- Installing: /home/zheka/Smart Mobility Engineering Lab/ros2_ws/install/turtlesim/include/turtlesim/turtlesim/action/detail/rotate_absolute__type_support.h
[30.272s] -- Installing: /home/zheka/Smart Mobility Engineering Lab/ros2_ws/install/turtlesim/include/turtlesim/turtlesim/action/detail/rotate_absolute__functions.c
[30.272s] -- Installing: /home/zheka/Smart Mobility Engineering Lab/ros2_ws/install/turtlesim/include/turtlesim/turtlesim/action/detail/rotate_absolute__functions.h
[30.272s] -- Installing: /home/zheka/Smart Mobility Engineering Lab/ros2_ws/install/turtlesim/include/turtlesim/turtlesim/action/detail/rotate_absolute__struct.h
[30.272s] -- Installing: /home/zheka/Smart Mobility Engineering Lab/ros2_ws/install/turtlesim/share/turtlesim/environment/library_path.sh
[30.273s] -- Installing: /home/zheka/Smart Mobility Engineering Lab/ros2_ws/install/turtlesim/share/turtlesim/environment/library_path.dsv
[30.273s] -- Installing: /home/zheka/Smart Mobility Engineering Lab/ros2_ws/install/turtlesim/lib/libturtlesim__rosidl_generator_c.so
[30.273s] -- Set runtime path of "/home/zheka/Smart Mobility Engineering Lab/ros2_ws/install/turtlesim/lib/libturtlesim__rosidl_generator_c.so" to ""
[30.273s] -- Up-to-date: /home/zheka/Smart Mobility Engineering Lab/ros2_ws/install/turtlesim/include/turtlesim/turtlesim
[30.273s] -- Up-to-date: /home/zheka/Smart Mobility Engineering Lab/ros2_ws/install/turtlesim/include/turtlesim/turtlesim/srv
[30.273s] -- Up-to-date: /home/zheka/Smart Mobility Engineering Lab/ros2_ws/install/turtlesim/include/turtlesim/turtlesim/srv/detail
[30.273s] -- Installing: /home/zheka/Smart Mobility Engineering Lab/ros2_ws/install/turtlesim/include/turtlesim/turtlesim/srv/detail/teleport_relative__rosidl_typesupport_fastrtps_c.h
[30.273s] -- Installing: /home/zheka/Smart Mobility Engineering Lab/ros2_ws/install/turtlesim/include/turtlesim/turtlesim/srv/detail/teleport_absolute__rosidl_typesupport_fastrtps_c.h
[30.273s] -- Installing: /home/zheka/Smart Mobility Engineering Lab/ros2_ws/install/turtlesim/include/turtlesim/turtlesim/srv/detail/set_pen__rosidl_typesupport_fastrtps_c.h
[30.273s] -- Installing: /home/zheka/Smart Mobility Engineering Lab/ros2_ws/install/turtlesim/include/turtlesim/turtlesim/srv/detail/spawn__rosidl_typesupport_fastrtps_c.h
[30.273s] -- Installing: /home/zheka/Smart Mobility Engineering Lab/ros2_ws/install/turtlesim/include/turtlesim/turtlesim/srv/detail/kill__rosidl_typesupport_fastrtps_c.h
[30.274s] -- Up-to-date: /home/zheka/Smart Mobility Engineering Lab/ros2_ws/install/turtlesim/include/turtlesim/turtlesim/msg
[30.274s] -- Installing: /home/zheka/Smart Mobility Engineering Lab/ros2_ws/install/turtlesim/include/turtlesim/turtlesim/msg/rosidl_typesupport_fastrtps_c__visibility_control.h
[30.274s] -- Up-to-date: /home/zheka/Smart Mobility Engineering Lab/ros2_ws/install/turtlesim/include/turtlesim/turtlesim/msg/detail
[30.274s] -- Installing: /home/zheka/Smart Mobility Engineering Lab/ros2_ws/install/turtlesim/include/turtlesim/turtlesim/msg/detail/color__rosidl_typesupport_fastrtps_c.h
[30.274s] -- Installing: /home/zheka/Smart Mobility Engineering Lab/ros2_ws/install/turtlesim/include/turtlesim/turtlesim/msg/detail/pose__rosidl_typesupport_fastrtps_c.h
[30.274s] -- Up-to-date: /home/zheka/Smart Mobility Engineering Lab/ros2_ws/install/turtlesim/include/turtlesim/turtlesim/action
[30.274s] -- Up-to-date: /home/zheka/Smart Mobility Engineering Lab/ros2_ws/install/turtlesim/include/turtlesim/turtlesim/action/detail
[30.274s] -- Installing: /home/zheka/Smart Mobility Engineering Lab/ros2_ws/install/turtlesim/include/turtlesim/turtlesim/action/detail/rotate_absolute__rosidl_typesupport_fastrtps_c.h
[30.274s] -- Installing: /home/zheka/Smart Mobility Engineering Lab/ros2_ws/install/turtlesim/lib/libturtlesim__rosidl_typesupport_fastrtps_c.so
[30.274s] -- Set runtime path of "/home/zheka/Smart Mobility Engineering Lab/ros2_ws/install/turtlesim/lib/libturtlesim__rosidl_typesupport_fastrtps_c.so" to ""
[30.274s] -- Up-to-date: /home/zheka/Smart Mobility Engineering Lab/ros2_ws/install/turtlesim/include/turtlesim/turtlesim
[30.274s] -- Up-to-date: /home/zheka/Smart Mobility Engineering Lab/ros2_ws/install/turtlesim/include/turtlesim/turtlesim/srv
[30.274s] -- Installing: /home/zheka/Smart Mobility Engineering Lab/ros2_ws/install/turtlesim/include/turtlesim/turtlesim/srv/teleport_absolute.hpp
[30.274s] -- Installing: /home/zheka/Smart Mobility Engineering Lab/ros2_ws/install/turtlesim/include/turtlesim/turtlesim/srv/teleport_relative.hpp
[30.274s] -- Installing: /home/zheka/Smart Mobility Engineering Lab/ros2_ws/install/turtlesim/include/turtlesim/turtlesim/srv/kill.hpp
[30.274s] -- Installing: /home/zheka/Smart Mobility Engineering Lab/ros2_ws/install/turtlesim/include/turtlesim/turtlesim/srv/set_pen.hpp
[30.274s] -- Installing: /home/zheka/Smart Mobility Engineering Lab/ros2_ws/install/turtlesim/include/turtlesim/turtlesim/srv/spawn.hpp
[30.274s] -- Up-to-date: /home/zheka/Smart Mobility Engineering Lab/ros2_ws/install/turtlesim/include/turtlesim/turtlesim/srv/detail
[30.274s] -- Installing: /home/zheka/Smart Mobility Engineering Lab/ros2_ws/install/turtlesim/include/turtlesim/turtlesim/srv/detail/teleport_relative__traits.hpp
[30.274s] -- Installing: /home/zheka/Smart Mobility Engineering Lab/ros2_ws/install/turtlesim/include/turtlesim/turtlesim/srv/detail/spawn__traits.hpp
[30.274s] -- Installing: /home/zheka/Smart Mobility Engineering Lab/ros2_ws/install/turtlesim/include/turtlesim/turtlesim/srv/detail/spawn__builder.hpp
[30.274s] -- Installing: /home/zheka/Smart Mobility Engineering Lab/ros2_ws/install/turtlesim/include/turtlesim/turtlesim/srv/detail/kill__struct.hpp
[30.274s] -- Installing: /home/zheka/Smart Mobility Engineering Lab/ros2_ws/install/turtlesim/include/turtlesim/turtlesim/srv/detail/teleport_absolute__builder.hpp
[30.275s] -- Installing: /home/zheka/Smart Mobility Engineering Lab/ros2_ws/install/turtlesim/include/turtlesim/turtlesim/srv/detail/teleport_relative__builder.hpp
[30.275s] -- Installing: /home/zheka/Smart Mobility Engineering Lab/ros2_ws/install/turtlesim/include/turtlesim/turtlesim/srv/detail/teleport_absolute__traits.hpp
[30.275s] -- Installing: /home/zheka/Smart Mobility Engineering Lab/ros2_ws/install/turtlesim/include/turtlesim/turtlesim/srv/detail/teleport_absolute__struct.hpp
[30.275s] -- Installing: /home/zheka/Smart Mobility Engineering Lab/ros2_ws/install/turtlesim/include/turtlesim/turtlesim/srv/detail/teleport_relative__struct.hpp
[30.275s] -- Installing: /home/zheka/Smart Mobility Engineering Lab/ros2_ws/install/turtlesim/include/turtlesim/turtlesim/srv/detail/kill__traits.hpp
[30.275s] -- Installing: /home/zheka/Smart Mobility Engineering Lab/ros2_ws/install/turtlesim/include/turtlesim/turtlesim/srv/detail/spawn__struct.hpp
[30.275s] -- Installing: /home/zheka/Smart Mobility Engineering Lab/ros2_ws/install/turtlesim/include/turtlesim/turtlesim/srv/detail/set_pen__builder.hpp
[30.275s] -- Installing: /home/zheka/Smart Mobility Engineering Lab/ros2_ws/install/turtlesim/include/turtlesim/turtlesim/srv/detail/set_pen__struct.hpp
[30.275s] -- Installing: /home/zheka/Smart Mobility Engineering Lab/ros2_ws/install/turtlesim/include/turtlesim/turtlesim/srv/detail/set_pen__traits.hpp
[30.275s] -- Installing: /home/zheka/Smart Mobility Engineering Lab/ros2_ws/install/turtlesim/include/turtlesim/turtlesim/srv/detail/kill__builder.hpp
[30.275s] -- Up-to-date: /home/zheka/Smart Mobility Engineering Lab/ros2_ws/install/turtlesim/include/turtlesim/turtlesim/msg
[30.275s] -- Installing: /home/zheka/Smart Mobility Engineering Lab/ros2_ws/install/turtlesim/include/turtlesim/turtlesim/msg/pose.hpp
[30.275s] -- Installing: /home/zheka/Smart Mobility Engineering Lab/ros2_ws/install/turtlesim/include/turtlesim/turtlesim/msg/color.hpp
[30.275s] -- Up-to-date: /home/zheka/Smart Mobility Engineering Lab/ros2_ws/install/turtlesim/include/turtlesim/turtlesim/msg/detail
[30.275s] -- Installing: /home/zheka/Smart Mobility Engineering Lab/ros2_ws/install/turtlesim/include/turtlesim/turtlesim/msg/detail/color__builder.hpp
[30.275s] -- Installing: /home/zheka/Smart Mobility Engineering Lab/ros2_ws/install/turtlesim/include/turtlesim/turtlesim/msg/detail/color__traits.hpp
[30.275s] -- Installing: /home/zheka/Smart Mobility Engineering Lab/ros2_ws/install/turtlesim/include/turtlesim/turtlesim/msg/detail/pose__builder.hpp
[30.275s] -- Installing: /home/zheka/Smart Mobility Engineering Lab/ros2_ws/install/turtlesim/include/turtlesim/turtlesim/msg/detail/color__struct.hpp
[30.275s] -- Installing: /home/zheka/Smart Mobility Engineering Lab/ros2_ws/install/turtlesim/include/turtlesim/turtlesim/msg/detail/pose__struct.hpp
[30.275s] -- Installing: /home/zheka/Smart Mobility Engineering Lab/ros2_ws/install/turtlesim/include/turtlesim/turtlesim/msg/detail/pose__traits.hpp
[30.275s] -- Up-to-date: /home/zheka/Smart Mobility Engineering Lab/ros2_ws/install/turtlesim/include/turtlesim/turtlesim/action
[30.275s] -- Installing: /home/zheka/Smart Mobility Engineering Lab/ros2_ws/install/turtlesim/include/turtlesim/turtlesim/action/rotate_absolute.hpp
[30.275s] -- Up-to-date: /home/zheka/Smart Mobility Engineering Lab/ros2_ws/install/turtlesim/include/turtlesim/turtlesim/action/detail
[30.275s] -- Installing: /home/zheka/Smart Mobility Engineering Lab/ros2_ws/install/turtlesim/include/turtlesim/turtlesim/action/detail/rotate_absolute__traits.hpp
[30.275s] -- Installing: /home/zheka/Smart Mobility Engineering Lab/ros2_ws/install/turtlesim/include/turtlesim/turtlesim/action/detail/rotate_absolute__struct.hpp
[30.275s] -- Installing: /home/zheka/Smart Mobility Engineering Lab/ros2_ws/install/turtlesim/include/turtlesim/turtlesim/action/detail/rotate_absolute__builder.hpp
[30.276s] -- Up-to-date: /home/zheka/Smart Mobility Engineering Lab/ros2_ws/install/turtlesim/include/turtlesim/turtlesim
[30.276s] -- Up-to-date: /home/zheka/Smart Mobility Engineering Lab/ros2_ws/install/turtlesim/include/turtlesim/turtlesim/srv
[30.276s] -- Up-to-date: /home/zheka/Smart Mobility Engineering Lab/ros2_ws/install/turtlesim/include/turtlesim/turtlesim/srv/detail
[30.276s] -- Installing: /home/zheka/Smart Mobility Engineering Lab/ros2_ws/install/turtlesim/include/turtlesim/turtlesim/srv/detail/kill__rosidl_typesupport_fastrtps_cpp.hpp
[30.276s] -- Installing: /home/zheka/Smart Mobility Engineering Lab/ros2_ws/install/turtlesim/include/turtlesim/turtlesim/srv/detail/spawn__rosidl_typesupport_fastrtps_cpp.hpp
[30.276s] -- Installing: /home/zheka/Smart Mobility Engineering Lab/ros2_ws/install/turtlesim/include/turtlesim/turtlesim/srv/detail/teleport_relative__rosidl_typesupport_fastrtps_cpp.hpp
[30.276s] -- Installing: /home/zheka/Smart Mobility Engineering Lab/ros2_ws/install/turtlesim/include/turtlesim/turtlesim/srv/detail/set_pen__rosidl_typesupport_fastrtps_cpp.hpp
[30.276s] -- Installing: /home/zheka/Smart Mobility Engineering Lab/ros2_ws/install/turtlesim/include/turtlesim/turtlesim/srv/detail/teleport_absolute__rosidl_typesupport_fastrtps_cpp.hpp
[30.277s] -- Installing: /home/zheka/Smart Mobility Engineering Lab/ros2_ws/install/turtlesim/include/turtlesim/turtlesim/srv/detail/dds_fastrtps
[30.277s] -- Up-to-date: /home/zheka/Smart Mobility Engineering Lab/ros2_ws/install/turtlesim/include/turtlesim/turtlesim/msg
[30.277s] -- Installing: /home/zheka/Smart Mobility Engineering Lab/ros2_ws/install/turtlesim/include/turtlesim/turtlesim/msg/rosidl_typesupport_fastrtps_cpp__visibility_control.h
[30.277s] -- Up-to-date: /home/zheka/Smart Mobility Engineering Lab/ros2_ws/install/turtlesim/include/turtlesim/turtlesim/msg/detail
[30.277s] -- Installing: /home/zheka/Smart Mobility Engineering Lab/ros2_ws/install/turtlesim/include/turtlesim/turtlesim/msg/detail/pose__rosidl_typesupport_fastrtps_cpp.hpp
[30.277s] -- Installing: /home/zheka/Smart Mobility Engineering Lab/ros2_ws/install/turtlesim/include/turtlesim/turtlesim/msg/detail/color__rosidl_typesupport_fastrtps_cpp.hpp
[30.277s] -- Installing: /home/zheka/Smart Mobility Engineering Lab/ros2_ws/install/turtlesim/include/turtlesim/turtlesim/msg/detail/dds_fastrtps
[30.277s] -- Up-to-date: /home/zheka/Smart Mobility Engineering Lab/ros2_ws/install/turtlesim/include/turtlesim/turtlesim/action
[30.277s] -- Up-to-date: /home/zheka/Smart Mobility Engineering Lab/ros2_ws/install/turtlesim/include/turtlesim/turtlesim/action/detail
[30.277s] -- Installing: /home/zheka/Smart Mobility Engineering Lab/ros2_ws/install/turtlesim/include/turtlesim/turtlesim/action/detail/rotate_absolute__rosidl_typesupport_fastrtps_cpp.hpp
[30.277s] -- Installing: /home/zheka/Smart Mobility Engineering Lab/ros2_ws/install/turtlesim/include/turtlesim/turtlesim/action/detail/dds_fastrtps
[30.278s] -- Installing: /home/zheka/Smart Mobility Engineering Lab/ros2_ws/install/turtlesim/lib/libturtlesim__rosidl_typesupport_fastrtps_cpp.so
[30.278s] -- Set runtime path of "/home/zheka/Smart Mobility Engineering Lab/ros2_ws/install/turtlesim/lib/libturtlesim__rosidl_typesupport_fastrtps_cpp.so" to ""
[30.278s] -- Up-to-date: /home/zheka/Smart Mobility Engineering Lab/ros2_ws/install/turtlesim/include/turtlesim/turtlesim
[30.278s] -- Up-to-date: /home/zheka/Smart Mobility Engineering Lab/ros2_ws/install/turtlesim/include/turtlesim/turtlesim/srv
[30.278s] -- Up-to-date: /home/zheka/Smart Mobility Engineering Lab/ros2_ws/install/turtlesim/include/turtlesim/turtlesim/srv/detail
[30.278s] -- Installing: /home/zheka/Smart Mobility Engineering Lab/ros2_ws/install/turtlesim/include/turtlesim/turtlesim/srv/detail/teleport_relative__type_support.c
[30.278s] -- Installing: /home/zheka/Smart Mobility Engineering Lab/ros2_ws/install/turtlesim/include/turtlesim/turtlesim/srv/detail/teleport_absolute__type_support.c
[30.279s] -- Installing: /home/zheka/Smart Mobility Engineering Lab/ros2_ws/install/turtlesim/include/turtlesim/turtlesim/srv/detail/kill__type_support.c
[30.279s] -- Installing: /home/zheka/Smart Mobility Engineering Lab/ros2_ws/install/turtlesim/include/turtlesim/turtlesim/srv/detail/teleport_absolute__rosidl_typesupport_introspection_c.h
[30.279s] -- Installing: /home/zheka/Smart Mobility Engineering Lab/ros2_ws/install/turtlesim/include/turtlesim/turtlesim/srv/detail/spawn__type_support.c
[30.279s] -- Installing: /home/zheka/Smart Mobility Engineering Lab/ros2_ws/install/turtlesim/include/turtlesim/turtlesim/srv/detail/set_pen__type_support.c
[30.279s] -- Installing: /home/zheka/Smart Mobility Engineering Lab/ros2_ws/install/turtlesim/include/turtlesim/turtlesim/srv/detail/set_pen__rosidl_typesupport_introspection_c.h
[30.279s] -- Installing: /home/zheka/Smart Mobility Engineering Lab/ros2_ws/install/turtlesim/include/turtlesim/turtlesim/srv/detail/kill__rosidl_typesupport_introspection_c.h
[30.279s] -- Installing: /home/zheka/Smart Mobility Engineering Lab/ros2_ws/install/turtlesim/include/turtlesim/turtlesim/srv/detail/teleport_relative__rosidl_typesupport_introspection_c.h
[30.279s] -- Installing: /home/zheka/Smart Mobility Engineering Lab/ros2_ws/install/turtlesim/include/turtlesim/turtlesim/srv/detail/spawn__rosidl_typesupport_introspection_c.h
[30.279s] -- Up-to-date: /home/zheka/Smart Mobility Engineering Lab/ros2_ws/install/turtlesim/include/turtlesim/turtlesim/msg
[30.279s] -- Installing: /home/zheka/Smart Mobility Engineering Lab/ros2_ws/install/turtlesim/include/turtlesim/turtlesim/msg/rosidl_typesupport_introspection_c__visibility_control.h
[30.280s] -- Up-to-date: /home/zheka/Smart Mobility Engineering Lab/ros2_ws/install/turtlesim/include/turtlesim/turtlesim/msg/detail
[30.280s] -- Installing: /home/zheka/Smart Mobility Engineering Lab/ros2_ws/install/turtlesim/include/turtlesim/turtlesim/msg/detail/color__type_support.c
[30.280s] -- Installing: /home/zheka/Smart Mobility Engineering Lab/ros2_ws/install/turtlesim/include/turtlesim/turtlesim/msg/detail/color__rosidl_typesupport_introspection_c.h
[30.280s] -- Installing: /home/zheka/Smart Mobility Engineering Lab/ros2_ws/install/turtlesim/include/turtlesim/turtlesim/msg/detail/pose__type_support.c
[30.280s] -- Installing: /home/zheka/Smart Mobility Engineering Lab/ros2_ws/install/turtlesim/include/turtlesim/turtlesim/msg/detail/pose__rosidl_typesupport_introspection_c.h
[30.280s] -- Up-to-date: /home/zheka/Smart Mobility Engineering Lab/ros2_ws/install/turtlesim/include/turtlesim/turtlesim/action
[30.280s] -- Up-to-date: /home/zheka/Smart Mobility Engineering Lab/ros2_ws/install/turtlesim/include/turtlesim/turtlesim/action/detail
[30.280s] -- Installing: /home/zheka/Smart Mobility Engineering Lab/ros2_ws/install/turtlesim/include/turtlesim/turtlesim/action/detail/rotate_absolute__type_support.c
[30.280s] -- Installing: /home/zheka/Smart Mobility Engineering Lab/ros2_ws/install/turtlesim/include/turtlesim/turtlesim/action/detail/rotate_absolute__rosidl_typesupport_introspection_c.h
[30.280s] -- Installing: /home/zheka/Smart Mobility Engineering Lab/ros2_ws/install/turtlesim/lib/libturtlesim__rosidl_typesupport_introspection_c.so
[30.281s] -- Set runtime path of "/home/zheka/Smart Mobility Engineering Lab/ros2_ws/install/turtlesim/lib/libturtlesim__rosidl_typesupport_introspection_c.so" to ""
[30.281s] -- Installing: /home/zheka/Smart Mobility Engineering Lab/ros2_ws/install/turtlesim/lib/libturtlesim__rosidl_typesupport_c.so
[30.281s] -- Set runtime path of "/home/zheka/Smart Mobility Engineering Lab/ros2_ws/install/turtlesim/lib/libturtlesim__rosidl_typesupport_c.so" to ""
[30.281s] -- Up-to-date: /home/zheka/Smart Mobility Engineering Lab/ros2_ws/install/turtlesim/include/turtlesim/turtlesim
[30.281s] -- Up-to-date: /home/zheka/Smart Mobility Engineering Lab/ros2_ws/install/turtlesim/include/turtlesim/turtlesim/srv
[30.281s] -- Up-to-date: /home/zheka/Smart Mobility Engineering Lab/ros2_ws/install/turtlesim/include/turtlesim/turtlesim/srv/detail
[30.281s] -- Installing: /home/zheka/Smart Mobility Engineering Lab/ros2_ws/install/turtlesim/include/turtlesim/turtlesim/srv/detail/teleport_absolute__type_support.cpp
[30.282s] -- Installing: /home/zheka/Smart Mobility Engineering Lab/ros2_ws/install/turtlesim/include/turtlesim/turtlesim/srv/detail/teleport_relative__rosidl_typesupport_introspection_cpp.hpp
[30.282s] -- Installing: /home/zheka/Smart Mobility Engineering Lab/ros2_ws/install/turtlesim/include/turtlesim/turtlesim/srv/detail/spawn__rosidl_typesupport_introspection_cpp.hpp
[30.282s] -- Installing: /home/zheka/Smart Mobility Engineering Lab/ros2_ws/install/turtlesim/include/turtlesim/turtlesim/srv/detail/set_pen__rosidl_typesupport_introspection_cpp.hpp
[30.282s] -- Installing: /home/zheka/Smart Mobility Engineering Lab/ros2_ws/install/turtlesim/include/turtlesim/turtlesim/srv/detail/teleport_absolute__rosidl_typesupport_introspection_cpp.hpp
[30.282s] -- Installing: /home/zheka/Smart Mobility Engineering Lab/ros2_ws/install/turtlesim/include/turtlesim/turtlesim/srv/detail/teleport_relative__type_support.cpp
[30.282s] -- Installing: /home/zheka/Smart Mobility Engineering Lab/ros2_ws/install/turtlesim/include/turtlesim/turtlesim/srv/detail/kill__type_support.cpp
[30.282s] -- Installing: /home/zheka/Smart Mobility Engineering Lab/ros2_ws/install/turtlesim/include/turtlesim/turtlesim/srv/detail/kill__rosidl_typesupport_introspection_cpp.hpp
[30.282s] -- Installing: /home/zheka/Smart Mobility Engineering Lab/ros2_ws/install/turtlesim/include/turtlesim/turtlesim/srv/detail/set_pen__type_support.cpp
[30.282s] -- Installing: /home/zheka/Smart Mobility Engineering Lab/ros2_ws/install/turtlesim/include/turtlesim/turtlesim/srv/detail/spawn__type_support.cpp
[30.282s] -- Up-to-date: /home/zheka/Smart Mobility Engineering Lab/ros2_ws/install/turtlesim/include/turtlesim/turtlesim/msg
[30.283s] -- Up-to-date: /home/zheka/Smart Mobility Engineering Lab/ros2_ws/install/turtlesim/include/turtlesim/turtlesim/msg/detail
[30.283s] -- Installing: /home/zheka/Smart Mobility Engineering Lab/ros2_ws/install/turtlesim/include/turtlesim/turtlesim/msg/detail/color__type_support.cpp
[30.283s] -- Installing: /home/zheka/Smart Mobility Engineering Lab/ros2_ws/install/turtlesim/include/turtlesim/turtlesim/msg/detail/pose__type_support.cpp
[30.283s] -- Installing: /home/zheka/Smart Mobility Engineering Lab/ros2_ws/install/turtlesim/include/turtlesim/turtlesim/msg/detail/pose__rosidl_typesupport_introspection_cpp.hpp
[30.283s] -- Installing: /home/zheka/Smart Mobility Engineering Lab/ros2_ws/install/turtlesim/include/turtlesim/turtlesim/msg/detail/color__rosidl_typesupport_introspection_cpp.hpp
[30.283s] -- Up-to-date: /home/zheka/Smart Mobility Engineering Lab/ros2_ws/install/turtlesim/include/turtlesim/turtlesim/action
[30.284s] -- Up-to-date: /home/zheka/Smart Mobility Engineering Lab/ros2_ws/install/turtlesim/include/turtlesim/turtlesim/action/detail
[30.284s] -- Installing: /home/zheka/Smart Mobility Engineering Lab/ros2_ws/install/turtlesim/include/turtlesim/turtlesim/action/detail/rotate_absolute__type_support.cpp
[30.284s] -- Installing: /home/zheka/Smart Mobility Engineering Lab/ros2_ws/install/turtlesim/include/turtlesim/turtlesim/action/detail/rotate_absolute__rosidl_typesupport_introspection_cpp.hpp
[30.284s] -- Installing: /home/zheka/Smart Mobility Engineering Lab/ros2_ws/install/turtlesim/lib/libturtlesim__rosidl_typesupport_introspection_cpp.so
[30.284s] -- Set runtime path of "/home/zheka/Smart Mobility Engineering Lab/ros2_ws/install/turtlesim/lib/libturtlesim__rosidl_typesupport_introspection_cpp.so" to ""
[30.284s] -- Installing: /home/zheka/Smart Mobility Engineering Lab/ros2_ws/install/turtlesim/lib/libturtlesim__rosidl_typesupport_cpp.so
[30.285s] -- Set runtime path of "/home/zheka/Smart Mobility Engineering Lab/ros2_ws/install/turtlesim/lib/libturtlesim__rosidl_typesupport_cpp.so" to ""
[30.285s] -- Installing: /home/zheka/Smart Mobility Engineering Lab/ros2_ws/install/turtlesim/share/turtlesim/environment/pythonpath.sh
[30.285s] -- Installing: /home/zheka/Smart Mobility Engineering Lab/ros2_ws/install/turtlesim/share/turtlesim/environment/pythonpath.dsv
[30.286s] -- Installing: /home/zheka/Smart Mobility Engineering Lab/ros2_ws/install/turtlesim/local/lib/python3.10/dist-packages/turtlesim-1.4.2-py3.10.egg-info
[30.286s] -- Installing: /home/zheka/Smart Mobility Engineering Lab/ros2_ws/install/turtlesim/local/lib/python3.10/dist-packages/turtlesim-1.4.2-py3.10.egg-info/top_level.txt
[30.286s] -- Installing: /home/zheka/Smart Mobility Engineering Lab/ros2_ws/install/turtlesim/local/lib/python3.10/dist-packages/turtlesim-1.4.2-py3.10.egg-info/SOURCES.txt
[30.286s] -- Installing: /home/zheka/Smart Mobility Engineering Lab/ros2_ws/install/turtlesim/local/lib/python3.10/dist-packages/turtlesim-1.4.2-py3.10.egg-info/dependency_links.txt
[30.286s] -- Installing: /home/zheka/Smart Mobility Engineering Lab/ros2_ws/install/turtlesim/local/lib/python3.10/dist-packages/turtlesim-1.4.2-py3.10.egg-info/PKG-INFO
[30.286s] -- Installing: /home/zheka/Smart Mobility Engineering Lab/ros2_ws/install/turtlesim/local/lib/python3.10/dist-packages/turtlesim
[30.286s] -- Installing: /home/zheka/Smart Mobility Engineering Lab/ros2_ws/install/turtlesim/local/lib/python3.10/dist-packages/turtlesim/srv
[30.286s] -- Installing: /home/zheka/Smart Mobility Engineering Lab/ros2_ws/install/turtlesim/local/lib/python3.10/dist-packages/turtlesim/srv/_kill.py
[30.286s] -- Installing: /home/zheka/Smart Mobility Engineering Lab/ros2_ws/install/turtlesim/local/lib/python3.10/dist-packages/turtlesim/srv/_teleport_relative_s.c
[30.286s] -- Installing: /home/zheka/Smart Mobility Engineering Lab/ros2_ws/install/turtlesim/local/lib/python3.10/dist-packages/turtlesim/srv/_spawn.py
[30.286s] -- Installing: /home/zheka/Smart Mobility Engineering Lab/ros2_ws/install/turtlesim/local/lib/python3.10/dist-packages/turtlesim/srv/_set_pen.py
[30.286s] -- Installing: /home/zheka/Smart Mobility Engineering Lab/ros2_ws/install/turtlesim/local/lib/python3.10/dist-packages/turtlesim/srv/_kill_s.c
[30.286s] -- Installing: /home/zheka/Smart Mobility Engineering Lab/ros2_ws/install/turtlesim/local/lib/python3.10/dist-packages/turtlesim/srv/_teleport_absolute.py
[30.286s] -- Installing: /home/zheka/Smart Mobility Engineering Lab/ros2_ws/install/turtlesim/local/lib/python3.10/dist-packages/turtlesim/srv/_teleport_absolute_s.c
[30.286s] -- Installing: /home/zheka/Smart Mobility Engineering Lab/ros2_ws/install/turtlesim/local/lib/python3.10/dist-packages/turtlesim/srv/_spawn_s.c
[30.287s] -- Installing: /home/zheka/Smart Mobility Engineering Lab/ros2_ws/install/turtlesim/local/lib/python3.10/dist-packages/turtlesim/srv/_teleport_relative.py
[30.287s] -- Installing: /home/zheka/Smart Mobility Engineering Lab/ros2_ws/install/turtlesim/local/lib/python3.10/dist-packages/turtlesim/srv/_set_pen_s.c
[30.287s] -- Installing: /home/zheka/Smart Mobility Engineering Lab/ros2_ws/install/turtlesim/local/lib/python3.10/dist-packages/turtlesim/srv/__init__.py
[30.287s] -- Installing: /home/zheka/Smart Mobility Engineering Lab/ros2_ws/install/turtlesim/local/lib/python3.10/dist-packages/turtlesim/_turtlesim_s.ep.rosidl_typesupport_fastrtps_c.c
[30.287s] -- Installing: /home/zheka/Smart Mobility Engineering Lab/ros2_ws/install/turtlesim/local/lib/python3.10/dist-packages/turtlesim/_turtlesim_s.ep.rosidl_typesupport_c.c
[30.287s] -- Installing: /home/zheka/Smart Mobility Engineering Lab/ros2_ws/install/turtlesim/local/lib/python3.10/dist-packages/turtlesim/turtlesim_s__rosidl_typesupport_c.cpython-310-aarch64-linux-gnu.so
[30.287s] -- Installing: /home/zheka/Smart Mobility Engineering Lab/ros2_ws/install/turtlesim/local/lib/python3.10/dist-packages/turtlesim/_turtlesim_s.ep.rosidl_typesupport_introspection_c.c
[30.287s] -- Installing: /home/zheka/Smart Mobility Engineering Lab/ros2_ws/install/turtlesim/local/lib/python3.10/dist-packages/turtlesim/msg
[30.287s] -- Installing: /home/zheka/Smart Mobility Engineering Lab/ros2_ws/install/turtlesim/local/lib/python3.10/dist-packages/turtlesim/msg/_pose.py
[30.287s] -- Installing: /home/zheka/Smart Mobility Engineering Lab/ros2_ws/install/turtlesim/local/lib/python3.10/dist-packages/turtlesim/msg/_color.py
[30.287s] -- Installing: /home/zheka/Smart Mobility Engineering Lab/ros2_ws/install/turtlesim/local/lib/python3.10/dist-packages/turtlesim/msg/_color_s.c
[30.287s] -- Installing: /home/zheka/Smart Mobility Engineering Lab/ros2_ws/install/turtlesim/local/lib/python3.10/dist-packages/turtlesim/msg/_pose_s.c
[30.287s] -- Installing: /home/zheka/Smart Mobility Engineering Lab/ros2_ws/install/turtlesim/local/lib/python3.10/dist-packages/turtlesim/msg/__init__.py
[30.287s] -- Installing: /home/zheka/Smart Mobility Engineering Lab/ros2_ws/install/turtlesim/local/lib/python3.10/dist-packages/turtlesim/__init__.py
[30.287s] -- Installing: /home/zheka/Smart Mobility Engineering Lab/ros2_ws/install/turtlesim/local/lib/python3.10/dist-packages/turtlesim/action
[30.287s] -- Installing: /home/zheka/Smart Mobility Engineering Lab/ros2_ws/install/turtlesim/local/lib/python3.10/dist-packages/turtlesim/action/_rotate_absolute.py
[30.287s] -- Installing: /home/zheka/Smart Mobility Engineering Lab/ros2_ws/install/turtlesim/local/lib/python3.10/dist-packages/turtlesim/action/_rotate_absolute_s.c
[30.287s] -- Installing: /home/zheka/Smart Mobility Engineering Lab/ros2_ws/install/turtlesim/local/lib/python3.10/dist-packages/turtlesim/action/__init__.py
[30.287s] -- Installing: /home/zheka/Smart Mobility Engineering Lab/ros2_ws/install/turtlesim/local/lib/python3.10/dist-packages/turtlesim/libturtlesim__rosidl_generator_py.so
[30.287s] -- Installing: /home/zheka/Smart Mobility Engineering Lab/ros2_ws/install/turtlesim/local/lib/python3.10/dist-packages/turtlesim/turtlesim_s__rosidl_typesupport_introspection_c.cpython-310-aarch64-linux-gnu.so
[30.287s] -- Installing: /home/zheka/Smart Mobility Engineering Lab/ros2_ws/install/turtlesim/local/lib/python3.10/dist-packages/turtlesim/turtlesim_s__rosidl_typesupport_fastrtps_c.cpython-310-aarch64-linux-gnu.so
[30.316s] Listing '/home/zheka/Smart Mobility Engineering Lab/ros2_ws/install/turtlesim/local/lib/python3.10/dist-packages/turtlesim'...
[30.316s] Compiling '/home/zheka/Smart Mobility Engineering Lab/ros2_ws/install/turtlesim/local/lib/python3.10/dist-packages/turtlesim/__init__.py'...
[30.316s] Listing '/home/zheka/Smart Mobility Engineering Lab/ros2_ws/install/turtlesim/local/lib/python3.10/dist-packages/turtlesim/action'...
[30.316s] Compiling '/home/zheka/Smart Mobility Engineering Lab/ros2_ws/install/turtlesim/local/lib/python3.10/dist-packages/turtlesim/action/__init__.py'...
[30.316s] Compiling '/home/zheka/Smart Mobility Engineering Lab/ros2_ws/install/turtlesim/local/lib/python3.10/dist-packages/turtlesim/action/_rotate_absolute.py'...
[30.316s] Listing '/home/zheka/Smart Mobility Engineering Lab/ros2_ws/install/turtlesim/local/lib/python3.10/dist-packages/turtlesim/msg'...
[30.316s] Compiling '/home/zheka/Smart Mobility Engineering Lab/ros2_ws/install/turtlesim/local/lib/python3.10/dist-packages/turtlesim/msg/__init__.py'...
[30.316s] Compiling '/home/zheka/Smart Mobility Engineering Lab/ros2_ws/install/turtlesim/local/lib/python3.10/dist-packages/turtlesim/msg/_color.py'...
[30.316s] Compiling '/home/zheka/Smart Mobility Engineering Lab/ros2_ws/install/turtlesim/local/lib/python3.10/dist-packages/turtlesim/msg/_pose.py'...
[30.316s] Listing '/home/zheka/Smart Mobility Engineering Lab/ros2_ws/install/turtlesim/local/lib/python3.10/dist-packages/turtlesim/srv'...
[30.316s] Compiling '/home/zheka/Smart Mobility Engineering Lab/ros2_ws/install/turtlesim/local/lib/python3.10/dist-packages/turtlesim/srv/__init__.py'...
[30.316s] Compiling '/home/zheka/Smart Mobility Engineering Lab/ros2_ws/install/turtlesim/local/lib/python3.10/dist-packages/turtlesim/srv/_kill.py'...
[30.316s] Compiling '/home/zheka/Smart Mobility Engineering Lab/ros2_ws/install/turtlesim/local/lib/python3.10/dist-packages/turtlesim/srv/_set_pen.py'...
[30.316s] Compiling '/home/zheka/Smart Mobility Engineering Lab/ros2_ws/install/turtlesim/local/lib/python3.10/dist-packages/turtlesim/srv/_spawn.py'...
[30.316s] Compiling '/home/zheka/Smart Mobility Engineering Lab/ros2_ws/install/turtlesim/local/lib/python3.10/dist-packages/turtlesim/srv/_teleport_absolute.py'...
[30.316s] Compiling '/home/zheka/Smart Mobility Engineering Lab/ros2_ws/install/turtlesim/local/lib/python3.10/dist-packages/turtlesim/srv/_teleport_relative.py'...
[30.319s] -- Installing: /home/zheka/Smart Mobility Engineering Lab/ros2_ws/install/turtlesim/local/lib/python3.10/dist-packages/turtlesim/turtlesim_s__rosidl_typesupport_fastrtps_c.cpython-310-aarch64-linux-gnu.so
[30.319s] -- Set runtime path of "/home/zheka/Smart Mobility Engineering Lab/ros2_ws/install/turtlesim/local/lib/python3.10/dist-packages/turtlesim/turtlesim_s__rosidl_typesupport_fastrtps_c.cpython-310-aarch64-linux-gnu.so" to ""
[30.319s] -- Installing: /home/zheka/Smart Mobility Engineering Lab/ros2_ws/install/turtlesim/local/lib/python3.10/dist-packages/turtlesim/turtlesim_s__rosidl_typesupport_introspection_c.cpython-310-aarch64-linux-gnu.so
[30.319s] -- Set runtime path of "/home/zheka/Smart Mobility Engineering Lab/ros2_ws/install/turtlesim/local/lib/python3.10/dist-packages/turtlesim/turtlesim_s__rosidl_typesupport_introspection_c.cpython-310-aarch64-linux-gnu.so" to ""
[30.319s] -- Installing: /home/zheka/Smart Mobility Engineering Lab/ros2_ws/install/turtlesim/local/lib/python3.10/dist-packages/turtlesim/turtlesim_s__rosidl_typesupport_c.cpython-310-aarch64-linux-gnu.so
[30.319s] -- Set runtime path of "/home/zheka/Smart Mobility Engineering Lab/ros2_ws/install/turtlesim/local/lib/python3.10/dist-packages/turtlesim/turtlesim_s__rosidl_typesupport_c.cpython-310-aarch64-linux-gnu.so" to ""
[30.319s] -- Installing: /home/zheka/Smart Mobility Engineering Lab/ros2_ws/install/turtlesim/lib/libturtlesim__rosidl_generator_py.so
[30.320s] -- Set runtime path of "/home/zheka/Smart Mobility Engineering Lab/ros2_ws/install/turtlesim/lib/libturtlesim__rosidl_generator_py.so" to ""
[30.320s] -- Installing: /home/zheka/Smart Mobility Engineering Lab/ros2_ws/install/turtlesim/share/turtlesim/action/RotateAbsolute.idl
[30.320s] -- Installing: /home/zheka/Smart Mobility Engineering Lab/ros2_ws/install/turtlesim/share/turtlesim/msg/Color.idl
[30.320s] -- Installing: /home/zheka/Smart Mobility Engineering Lab/ros2_ws/install/turtlesim/share/turtlesim/msg/Pose.idl
[30.320s] -- Installing: /home/zheka/Smart Mobility Engineering Lab/ros2_ws/install/turtlesim/share/turtlesim/srv/Kill.idl
[30.320s] -- Installing: /home/zheka/Smart Mobility Engineering Lab/ros2_ws/install/turtlesim/share/turtlesim/srv/SetPen.idl
[30.320s] -- Installing: /home/zheka/Smart Mobility Engineering Lab/ros2_ws/install/turtlesim/share/turtlesim/srv/Spawn.idl
[30.320s] -- Installing: /home/zheka/Smart Mobility Engineering Lab/ros2_ws/install/turtlesim/share/turtlesim/srv/TeleportAbsolute.idl
[30.320s] -- Installing: /home/zheka/Smart Mobility Engineering Lab/ros2_ws/install/turtlesim/share/turtlesim/srv/TeleportRelative.idl
[30.320s] -- Installing: /home/zheka/Smart Mobility Engineering Lab/ros2_ws/install/turtlesim/share/turtlesim/action/RotateAbsolute.action
[30.321s] -- Installing: /home/zheka/Smart Mobility Engineering Lab/ros2_ws/install/turtlesim/share/turtlesim/msg/Color.msg
[30.321s] -- Installing: /home/zheka/Smart Mobility Engineering Lab/ros2_ws/install/turtlesim/share/turtlesim/msg/Pose.msg
[30.321s] -- Installing: /home/zheka/Smart Mobility Engineering Lab/ros2_ws/install/turtlesim/share/turtlesim/srv/Kill.srv
[30.321s] -- Installing: /home/zheka/Smart Mobility Engineering Lab/ros2_ws/install/turtlesim/share/turtlesim/srv/Kill_Request.msg
[30.321s] -- Installing: /home/zheka/Smart Mobility Engineering Lab/ros2_ws/install/turtlesim/share/turtlesim/srv/Kill_Response.msg
[30.321s] -- Installing: /home/zheka/Smart Mobility Engineering Lab/ros2_ws/install/turtlesim/share/turtlesim/srv/SetPen.srv
[30.321s] -- Installing: /home/zheka/Smart Mobility Engineering Lab/ros2_ws/install/turtlesim/share/turtlesim/srv/SetPen_Request.msg
[30.321s] -- Installing: /home/zheka/Smart Mobility Engineering Lab/ros2_ws/install/turtlesim/share/turtlesim/srv/SetPen_Response.msg
[30.321s] -- Installing: /home/zheka/Smart Mobility Engineering Lab/ros2_ws/install/turtlesim/share/turtlesim/srv/Spawn.srv
[30.321s] -- Installing: /home/zheka/Smart Mobility Engineering Lab/ros2_ws/install/turtlesim/share/turtlesim/srv/Spawn_Request.msg
[30.322s] -- Installing: /home/zheka/Smart Mobility Engineering Lab/ros2_ws/install/turtlesim/share/turtlesim/srv/Spawn_Response.msg
[30.322s] -- Installing: /home/zheka/Smart Mobility Engineering Lab/ros2_ws/install/turtlesim/share/turtlesim/srv/TeleportAbsolute.srv
[30.322s] -- Installing: /home/zheka/Smart Mobility Engineering Lab/ros2_ws/install/turtlesim/share/turtlesim/srv/TeleportAbsolute_Request.msg
[30.322s] -- Installing: /home/zheka/Smart Mobility Engineering Lab/ros2_ws/install/turtlesim/share/turtlesim/srv/TeleportAbsolute_Response.msg
[30.322s] -- Installing: /home/zheka/Smart Mobility Engineering Lab/ros2_ws/install/turtlesim/share/turtlesim/srv/TeleportRelative.srv
[30.322s] -- Installing: /home/zheka/Smart Mobility Engineering Lab/ros2_ws/install/turtlesim/share/turtlesim/srv/TeleportRelative_Request.msg
[30.322s] -- Installing: /home/zheka/Smart Mobility Engineering Lab/ros2_ws/install/turtlesim/share/turtlesim/srv/TeleportRelative_Response.msg
[30.322s] -- Installing: /home/zheka/Smart Mobility Engineering Lab/ros2_ws/install/turtlesim/lib/turtlesim/turtlesim_node
[30.326s] -- Set runtime path of "/home/zheka/Smart Mobility Engineering Lab/ros2_ws/install/turtlesim/lib/turtlesim/turtlesim_node" to ""
[30.326s] -- Installing: /home/zheka/Smart Mobility Engineering Lab/ros2_ws/install/turtlesim/lib/turtlesim/turtle_teleop_key
[30.328s] -- Set runtime path of "/home/zheka/Smart Mobility Engineering Lab/ros2_ws/install/turtlesim/lib/turtlesim/turtle_teleop_key" to ""
[30.328s] -- Installing: /home/zheka/Smart Mobility Engineering Lab/ros2_ws/install/turtlesim/lib/turtlesim/draw_square
[30.330s] -- Set runtime path of "/home/zheka/Smart Mobility Engineering Lab/ros2_ws/install/turtlesim/lib/turtlesim/draw_square" to ""
[30.330s] -- Installing: /home/zheka/Smart Mobility Engineering Lab/ros2_ws/install/turtlesim/lib/turtlesim/mimic
[30.332s] -- Set runtime path of "/home/zheka/Smart Mobility Engineering Lab/ros2_ws/install/turtlesim/lib/turtlesim/mimic" to ""
[30.332s] -- Installing: /home/zheka/Smart Mobility Engineering Lab/ros2_ws/install/turtlesim/share/turtlesim/images
[30.332s] -- Installing: /home/zheka/Smart Mobility Engineering Lab/ros2_ws/install/turtlesim/share/turtlesim/images/bouncy.png
[30.333s] -- Installing: /home/zheka/Smart Mobility Engineering Lab/ros2_ws/install/turtlesim/share/turtlesim/images/galactic.png
[30.333s] -- Installing: /home/zheka/Smart Mobility Engineering Lab/ros2_ws/install/turtlesim/share/turtlesim/images/rolling.png
[30.333s] -- Installing: /home/zheka/Smart Mobility Engineering Lab/ros2_ws/install/turtlesim/share/turtlesim/images/humble.png
[30.333s] -- Installing: /home/zheka/Smart Mobility Engineering Lab/ros2_ws/install/turtlesim/share/turtlesim/images/eloquent.png
[30.333s] -- Installing: /home/zheka/Smart Mobility Engineering Lab/ros2_ws/install/turtlesim/share/turtlesim/images/foxy.png
[30.333s] -- Installing: /home/zheka/Smart Mobility Engineering Lab/ros2_ws/install/turtlesim/share/turtlesim/images/crystal.png
[30.333s] -- Installing: /home/zheka/Smart Mobility Engineering Lab/ros2_ws/install/turtlesim/share/turtlesim/images/ardent.png
[30.333s] -- Installing: /home/zheka/Smart Mobility Engineering Lab/ros2_ws/install/turtlesim/share/turtlesim/images/dashing.png
[30.333s] -- Installing: /home/zheka/Smart Mobility Engineering Lab/ros2_ws/install/turtlesim/share/turtlesim/launch
[30.333s] -- Installing: /home/zheka/Smart Mobility Engineering Lab/ros2_ws/install/turtlesim/share/turtlesim/launch/multisim.launch.py
[30.334s] -- Installing: /home/zheka/Smart Mobility Engineering Lab/ros2_ws/install/turtlesim/share/ament_index/resource_index/package_run_dependencies/turtlesim
[30.334s] -- Installing: /home/zheka/Smart Mobility Engineering Lab/ros2_ws/install/turtlesim/share/ament_index/resource_index/parent_prefix_path/turtlesim
[30.334s] -- Installing: /home/zheka/Smart Mobility Engineering Lab/ros2_ws/install/turtlesim/share/turtlesim/environment/ament_prefix_path.sh
[30.334s] -- Installing: /home/zheka/Smart Mobility Engineering Lab/ros2_ws/install/turtlesim/share/turtlesim/environment/ament_prefix_path.dsv
[30.334s] -- Installing: /home/zheka/Smart Mobility Engineering Lab/ros2_ws/install/turtlesim/share/turtlesim/environment/path.sh
[30.334s] -- Installing: /home/zheka/Smart Mobility Engineering Lab/ros2_ws/install/turtlesim/share/turtlesim/environment/path.dsv
[30.334s] -- Installing: /home/zheka/Smart Mobility Engineering Lab/ros2_ws/install/turtlesim/share/turtlesim/local_setup.bash
[30.334s] -- Installing: /home/zheka/Smart Mobility Engineering Lab/ros2_ws/install/turtlesim/share/turtlesim/local_setup.sh
[30.334s] -- Installing: /home/zheka/Smart Mobility Engineering Lab/ros2_ws/install/turtlesim/share/turtlesim/local_setup.zsh
[30.335s] -- Installing: /home/zheka/Smart Mobility Engineering Lab/ros2_ws/install/turtlesim/share/turtlesim/local_setup.dsv
[30.335s] -- Installing: /home/zheka/Smart Mobility Engineering Lab/ros2_ws/install/turtlesim/share/turtlesim/package.dsv
[30.335s] -- Installing: /home/zheka/Smart Mobility Engineering Lab/ros2_ws/install/turtlesim/share/ament_index/resource_index/packages/turtlesim
[30.335s] -- Installing: /home/zheka/Smart Mobility Engineering Lab/ros2_ws/install/turtlesim/share/turtlesim/cmake/export_turtlesim__rosidl_generator_cExport.cmake
[30.335s] -- Installing: /home/zheka/Smart Mobility Engineering Lab/ros2_ws/install/turtlesim/share/turtlesim/cmake/export_turtlesim__rosidl_generator_cExport-noconfig.cmake
[30.335s] -- Installing: /home/zheka/Smart Mobility Engineering Lab/ros2_ws/install/turtlesim/share/turtlesim/cmake/export_turtlesim__rosidl_typesupport_fastrtps_cExport.cmake
[30.335s] -- Installing: /home/zheka/Smart Mobility Engineering Lab/ros2_ws/install/turtlesim/share/turtlesim/cmake/export_turtlesim__rosidl_typesupport_fastrtps_cExport-noconfig.cmake
[30.335s] -- Installing: /home/zheka/Smart Mobility Engineering Lab/ros2_ws/install/turtlesim/share/turtlesim/cmake/export_turtlesim__rosidl_generator_cppExport.cmake
[30.335s] -- Installing: /home/zheka/Smart Mobility Engineering Lab/ros2_ws/install/turtlesim/share/turtlesim/cmake/export_turtlesim__rosidl_typesupport_fastrtps_cppExport.cmake
[30.335s] -- Installing: /home/zheka/Smart Mobility Engineering Lab/ros2_ws/install/turtlesim/share/turtlesim/cmake/export_turtlesim__rosidl_typesupport_fastrtps_cppExport-noconfig.cmake
[30.336s] -- Installing: /home/zheka/Smart Mobility Engineering Lab/ros2_ws/install/turtlesim/share/turtlesim/cmake/turtlesim__rosidl_typesupport_introspection_cExport.cmake
[30.336s] -- Installing: /home/zheka/Smart Mobility Engineering Lab/ros2_ws/install/turtlesim/share/turtlesim/cmake/turtlesim__rosidl_typesupport_introspection_cExport-noconfig.cmake
[30.336s] -- Installing: /home/zheka/Smart Mobility Engineering Lab/ros2_ws/install/turtlesim/share/turtlesim/cmake/turtlesim__rosidl_typesupport_cExport.cmake
[30.336s] -- Installing: /home/zheka/Smart Mobility Engineering Lab/ros2_ws/install/turtlesim/share/turtlesim/cmake/turtlesim__rosidl_typesupport_cExport-noconfig.cmake
[30.336s] -- Installing: /home/zheka/Smart Mobility Engineering Lab/ros2_ws/install/turtlesim/share/turtlesim/cmake/turtlesim__rosidl_typesupport_introspection_cppExport.cmake
[30.336s] -- Installing: /home/zheka/Smart Mobility Engineering Lab/ros2_ws/install/turtlesim/share/turtlesim/cmake/turtlesim__rosidl_typesupport_introspection_cppExport-noconfig.cmake
[30.336s] -- Installing: /home/zheka/Smart Mobility Engineering Lab/ros2_ws/install/turtlesim/share/turtlesim/cmake/turtlesim__rosidl_typesupport_cppExport.cmake
[30.336s] -- Installing: /home/zheka/Smart Mobility Engineering Lab/ros2_ws/install/turtlesim/share/turtlesim/cmake/turtlesim__rosidl_typesupport_cppExport-noconfig.cmake
[30.336s] -- Installing: /home/zheka/Smart Mobility Engineering Lab/ros2_ws/install/turtlesim/share/turtlesim/cmake/export_turtlesim__rosidl_generator_pyExport.cmake
[30.336s] -- Installing: /home/zheka/Smart Mobility Engineering Lab/ros2_ws/install/turtlesim/share/turtlesim/cmake/export_turtlesim__rosidl_generator_pyExport-noconfig.cmake
[30.336s] -- Installing: /home/zheka/Smart Mobility Engineering Lab/ros2_ws/install/turtlesim/share/turtlesim/cmake/rosidl_cmake-extras.cmake
[30.337s] -- Installing: /home/zheka/Smart Mobility Engineering Lab/ros2_ws/install/turtlesim/share/turtlesim/cmake/ament_cmake_export_dependencies-extras.cmake
[30.337s] -- Installing: /home/zheka/Smart Mobility Engineering Lab/ros2_ws/install/turtlesim/share/turtlesim/cmake/ament_cmake_export_include_directories-extras.cmake
[30.337s] -- Installing: /home/zheka/Smart Mobility Engineering Lab/ros2_ws/install/turtlesim/share/turtlesim/cmake/ament_cmake_export_libraries-extras.cmake
[30.337s] -- Installing: /home/zheka/Smart Mobility Engineering Lab/ros2_ws/install/turtlesim/share/turtlesim/cmake/ament_cmake_export_targets-extras.cmake
[30.337s] -- Installing: /home/zheka/Smart Mobility Engineering Lab/ros2_ws/install/turtlesim/share/turtlesim/cmake/rosidl_cmake_export_typesupport_targets-extras.cmake
[30.337s] -- Installing: /home/zheka/Smart Mobility Engineering Lab/ros2_ws/install/turtlesim/share/turtlesim/cmake/rosidl_cmake_export_typesupport_libraries-extras.cmake
[30.337s] -- Installing: /home/zheka/Smart Mobility Engineering Lab/ros2_ws/install/turtlesim/share/turtlesim/cmake/turtlesimConfig.cmake
[30.337s] -- Installing: /home/zheka/Smart Mobility Engineering Lab/ros2_ws/install/turtlesim/share/turtlesim/cmake/turtlesimConfig-version.cmake
[30.337s] -- Installing: /home/zheka/Smart Mobility Engineering Lab/ros2_ws/install/turtlesim/share/turtlesim/package.xml
[30.341s] Invoked command in '/home/zheka/Smart Mobility Engineering Lab/ros2_ws/build/turtlesim' returned '0': CMAKE_PREFIX_PATH=/opt/ros/humble /usr/bin/cmake --install /home/zheka/Smart Mobility Engineering Lab/ros2_ws/build/turtlesim
